0001_0018_0021_0058_0058.jpg 1 18 21 58 58
0002_0017_0019_0044_0044.jpg 1 17 19 44 44
0003_0025_0007_0026_0026.jpg 1 25 7 26 26
0004_0040_0038_0039_0039.jpg 1 40 38 39 39
0005_0050_0025_0041_0041.jpg 1 50 25 41 41
0006_0040_0018_0032_0032.jpg 1 40 18 32 32
0007_0024_0025_0068_0068.jpg 1 24 25 68 68
0008_0060_0058_0030_0030.jpg 1 60 58 30 30
0009_0020_0015_0057_0057.jpg 1 20 15 57 57
0010_0029_0016_0064_0064.jpg 1 29 16 64 64
0011_0006_0012_0069_0069.jpg 1 6 12 69 69
0012_0022_0009_0051_0051.jpg 1 22 9 51 51
0013_0006_0031_0061_0061.jpg 1 6 31 61 61
0014_0036_0015_0037_0037.jpg 1 36 15 37 37
0015_0011_0009_0042_0042.jpg 1 11 9 42 42
0016_0010_0015_0054_0054.jpg 1 10 15 54 54
0017_0009_0053_0035_0035.jpg 1 9 53 35 35
0018_0024_0046_0048_0048.jpg 1 24 46 48 48
0019_0031_0020_0035_0035.jpg 1 31 20 35 35
0020_0006_0040_0038_0038.jpg 1 6 40 38 38
0021_0023_0011_0062_0062.jpg 1 23 11 62 62
0022_0018_0035_0042_0042.jpg 1 18 35 42 42
0023_0038_0037_0042_0042.jpg 1 38 37 42 42
0024_0028_0008_0059_0059.jpg 1 28 8 59 59
0025_0028_0023_0064_0064.jpg 1 28 23 64 64
0026_0019_0046_0025_0025.jpg 1 19 46 25 25
0027_0050_0054_0037_0037.jpg 1 50 54 37 37
0028_0030_0008_0042_0042.jpg 1 30 8 42 42
0029_0014_0032_0054_0054.jpg 1 14 32 54 54
0030_0009_0019_0052_0052.jpg 1 9 19 52 52
0031_0007_0048_0041_0041.jpg 1 7 48 41 41
0032_0022_0028_0047_0047.jpg 1 22 28 47 47
0033_0043_0023_0046_0046.jpg 1 43 23 46 46
0034_0013_0022_0056_0056.jpg 1 13 22 56 56
0035_0039_0019_0048_0048.jpg 1 39 19 48 48
0036_0032_0014_0029_0029.jpg 1 32 14 29 29
0037_0034_0014_0053_0053.jpg 1 34 14 53 53
0038_0025_0004_0062_0062.jpg 1 25 4 62 62
0039_0035_0035_0057_0057.jpg 1 35 35 57 57
0040_0021_0042_0038_0038.jpg 1 21 42 38 38
0041_0063_0053_0026_0026.jpg 1 63 53 26 26
0042_0034_0055_0034_0034.jpg 1 34 55 34 34
0043_0025_0033_0052_0052.jpg 1 25 33 52 52
0044_0036_0038_0047_0047.jpg 1 36 38 47 47
0045_0041_0043_0045_0045.jpg 1 41 43 45 45
0046_0018_0019_0042_0042.jpg 1 18 19 42 42
0047_0009_0037_0050_0050.jpg 1 9 37 50 50
0048_0027_0024_0068_0068.jpg 1 27 24 68 68
0049_0023_0027_0063_0063.jpg 1 23 27 63 63
0050_0052_0055_0034_0034.jpg 1 52 55 34 34
0051_0033_0054_0027_0027.jpg 1 33 54 27 27
0052_0016_0015_0037_0037.jpg 1 16 15 37 37
0053_0031_0016_0056_0056.jpg 1 31 16 56 56
0054_0011_0030_0054_0054.jpg 1 11 30 54 54
0055_0020_0052_0028_0028.jpg 1 20 52 28 28
0056_0012_0023_0058_0058.jpg 1 12 23 58 58
0057_0051_0017_0025_0025.jpg 1 51 17 25 25
0058_0047_0046_0028_0028.jpg 1 47 46 28 28
0059_0014_0039_0054_0054.jpg 1 14 39 54 54
0060_0029_0017_0030_0030.jpg 1 29 17 30 30
0061_0044_0015_0032_0032.jpg 1 44 15 32 32
0062_0027_0028_0045_0045.jpg 1 27 28 45 45
0063_0027_0025_0058_0058.jpg 1 27 25 58 58
0064_0008_0017_0065_0065.jpg 1 8 17 65 65
0065_0053_0041_0024_0024.jpg 1 53 41 24 24
0066_0033_0017_0056_0056.jpg 1 33 17 56 56
0067_0011_0009_0055_0055.jpg 1 11 9 55 55
0068_0018_0020_0068_0068.jpg 1 18 20 68 68
0069_0008_0013_0068_0068.jpg 1 8 13 68 68
0070_0024_0030_0046_0046.jpg 1 24 30 46 46
0071_0044_0050_0037_0037.jpg 1 44 50 37 37
0072_0038_0015_0043_0043.jpg 1 38 15 43 43
0073_0021_0054_0026_0026.jpg 1 21 54 26 26
0074_0024_0009_0066_0066.jpg 1 24 9 66 66
0075_0025_0035_0051_0051.jpg 1 25 35 51 51
0076_0005_0024_0060_0060.jpg 1 5 24 60 60
0077_0032_0048_0030_0030.jpg 1 32 48 30 30
0078_0023_0012_0069_0069.jpg 1 23 12 69 69
0079_0047_0008_0038_0038.jpg 1 47 8 38 38
0080_0020_0014_0057_0057.jpg 1 20 14 57 57
0081_0046_0013_0033_0033.jpg 1 46 13 33 33
0082_0025_0044_0046_0046.jpg 1 25 44 46 46
0083_0012_0024_0065_0065.jpg 1 12 24 65 65
0084_0021_0023_0046_0046.jpg 1 21 23 46 46
0085_0063_0037_0025_0025.jpg 1 63 37 25 25
0086_0034_0042_0052_0052.jpg 1 34 42 52 52
0087_0015_0020_0054_0054.jpg 1 15 20 54 54
0088_0014_0013_0058_0058.jpg 1 14 13 58 58
0089_0016_0017_0054_0054.jpg 1 16 17 54 54
0090_0022_0035_0041_0041.jpg 1 22 35 41 41
0091_0029_0024_0049_0049.jpg 1 29 24 49 49
0092_0013_0029_0048_0048.jpg 1 13 29 48 48
0093_0037_0018_0047_0047.jpg 1 37 18 47 47
0094_0046_0007_0046_0046.jpg 1 46 7 46 46
0095_0009_0009_0069_0069.jpg 1 9 9 69 69
0096_0038_0049_0043_0043.jpg 1 38 49 43 43
0097_0027_0040_0044_0044.jpg 1 27 40 44 44
0098_0033_0046_0046_0046.jpg 1 33 46 46 46
0099_0037_0034_0056_0056.jpg 1 37 34 56 56
0100_0015_0005_0043_0043.jpg 1 15 5 43 43
0101_0005_0030_0043_0043.jpg 1 5 30 43 43
0102_0005_0009_0069_0069.jpg 1 5 9 69 69
0103_0006_0039_0048_0048.jpg 1 6 39 48 48
0104_0026_0005_0064_0064.jpg 1 26 5 64 64
0105_0053_0029_0040_0040.jpg 1 53 29 40 40
0106_0025_0018_0050_0050.jpg 1 25 18 50 50
0107_0016_0031_0064_0064.jpg 1 16 31 64 64
0108_0010_0009_0064_0064.jpg 1 10 9 64 64
0109_0042_0033_0031_0031.jpg 1 42 33 31 31
0110_0046_0033_0027_0027.jpg 1 46 33 27 27
0111_0024_0007_0066_0066.jpg 1 24 7 66 66
0112_0056_0025_0036_0036.jpg 1 56 25 36 36
0113_0014_0008_0068_0068.jpg 1 14 8 68 68
0114_0036_0028_0056_0056.jpg 1 36 28 56 56
0115_0021_0021_0059_0059.jpg 1 21 21 59 59
0116_0006_0029_0060_0060.jpg 1 6 29 60 60
0117_0025_0045_0045_0045.jpg 1 25 45 45 45
0118_0035_0018_0027_0027.jpg 1 35 18 27 27
0119_0033_0040_0049_0049.jpg 1 33 40 49 49
0120_0025_0024_0069_0069.jpg 1 25 24 69 69
0121_0036_0009_0050_0050.jpg 1 36 9 50 50
0122_0017_0032_0051_0051.jpg 1 17 32 51 51
0123_0017_0015_0050_0050.jpg 1 17 15 50 50
0124_0008_0030_0060_0060.jpg 1 8 30 60 60
0125_0036_0041_0051_0051.jpg 1 36 41 51 51
0126_0051_0038_0038_0038.jpg 1 51 38 38 38
0127_0009_0037_0037_0037.jpg 1 9 37 37 37
0128_0007_0037_0030_0030.jpg 1 7 37 30 30
0129_0005_0009_0054_0054.jpg 1 5 9 54 54
0130_0046_0031_0032_0032.jpg 1 46 31 32 32
0131_0050_0040_0026_0026.jpg 1 50 40 26 26
0132_0029_0060_0029_0029.jpg 1 29 60 29 29
0133_0023_0013_0066_0066.jpg 1 23 13 66 66
0134_0030_0022_0055_0055.jpg 1 30 22 55 55
0135_0020_0006_0051_0051.jpg 1 20 6 51 51
0136_0005_0006_0059_0059.jpg 1 5 6 59 59
0137_0036_0015_0041_0041.jpg 1 36 15 41 41
0138_0042_0049_0038_0038.jpg 1 42 49 38 38
0139_0015_0032_0051_0051.jpg 1 15 32 51 51
0140_0023_0019_0026_0026.jpg 1 23 19 26 26
0141_0030_0013_0048_0048.jpg 1 30 13 48 48
0142_0025_0010_0056_0056.jpg 1 25 10 56 56
0143_0043_0013_0038_0038.jpg 1 43 13 38 38
0144_0031_0051_0039_0039.jpg 1 31 51 39 39
0145_0007_0020_0035_0035.jpg 1 7 20 35 35
0146_0030_0009_0062_0062.jpg 1 30 9 62 62
0147_0014_0028_0046_0046.jpg 1 14 28 46 46
0148_0033_0006_0055_0055.jpg 1 33 6 55 55
0149_0035_0040_0024_0024.jpg 1 35 40 24 24
0150_0018_0004_0065_0065.jpg 1 18 4 65 65
0151_0037_0006_0037_0037.jpg 1 37 6 37 37
0152_0047_0047_0029_0029.jpg 1 47 47 29 29
0153_0035_0006_0056_0056.jpg 1 35 6 56 56
0154_0032_0012_0039_0039.jpg 1 32 12 39 39
0155_0015_0017_0067_0067.jpg 1 15 17 67 67
0156_0030_0036_0059_0059.jpg 1 30 36 59 59
0157_0021_0015_0038_0038.jpg 1 21 15 38 38
0158_0040_0014_0053_0053.jpg 1 40 14 53 53
0159_0040_0017_0040_0040.jpg 1 40 17 40 40
0160_0037_0054_0029_0029.jpg 1 37 54 29 29
0161_0008_0040_0042_0042.jpg 1 8 40 42 42
0162_0023_0010_0038_0038.jpg 1 23 10 38 38
0163_0041_0009_0039_0039.jpg 1 41 9 39 39
0164_0011_0015_0063_0063.jpg 1 11 15 63 63
0165_0021_0037_0058_0058.jpg 1 21 37 58 58
0166_0049_0021_0043_0043.jpg 1 49 21 43 43
0167_0021_0035_0051_0051.jpg 1 21 35 51 51
0168_0008_0027_0063_0063.jpg 1 8 27 63 63
0169_0028_0023_0054_0054.jpg 1 28 23 54 54
0170_0024_0019_0047_0047.jpg 1 24 19 47 47
0171_0050_0030_0044_0044.jpg 1 50 30 44 44
0172_0043_0035_0038_0038.jpg 1 43 35 38 38
0173_0014_0054_0033_0033.jpg 1 14 54 33 33
0174_0028_0025_0044_0044.jpg 1 28 25 44 44
0175_0009_0028_0067_0067.jpg 1 9 28 67 67
0176_0051_0059_0032_0032.jpg 1 51 59 32 32
0177_0049_0029_0033_0033.jpg 1 49 29 33 33
0178_0028_0021_0059_0059.jpg 1 28 21 59 59
0179_0025_0018_0033_0033.jpg 1 25 18 33 33
0180_0026_0018_0065_0065.jpg 1 26 18 65 65
0181_0006_0006_0067_0067.jpg 1 6 6 67 67
0182_0029_0045_0029_0029.jpg 1 29 45 29 29
0183_0016_0039_0040_0040.jpg 1 16 39 40 40
0184_0022_0007_0069_0069.jpg 1 22 7 69 69
0185_0010_0035_0047_0047.jpg 1 10 35 47 47
0186_0020_0027_0042_0042.jpg 1 20 27 42 42
0187_0011_0058_0034_0034.jpg 1 11 58 34 34
0188_0009_0007_0054_0054.jpg 1 9 7 54 54
0189_0007_0006_0050_0050.jpg 1 7 6 50 50
0190_0007_0032_0051_0051.jpg 1 7 32 51 51
0191_0041_0034_0054_0054.jpg 1 41 34 54 54
0192_0008_0010_0066_0066.jpg 1 8 10 66 66
0193_0033_0027_0046_0046.jpg 1 33 27 46 46
0194_0009_0030_0056_0056.jpg 1 9 30 56 56
0195_0023_0023_0066_0066.jpg 1 23 23 66 66
0196_0033_0028_0060_0060.jpg 1 33 28 60 60
0197_0024_0032_0044_0044.jpg 1 24 32 44 44
0198_0032_0006_0057_0057.jpg 1 32 6 57 57
0199_0031_0033_0048_0048.jpg 1 31 33 48 48
0200_0012_0007_0064_0064.jpg 1 12 7 64 64
0201_0020_0042_0033_0033.jpg 1 20 42 33 33
0202_0027_0027_0055_0055.jpg 1 27 27 55 55
0203_0032_0014_0053_0053.jpg 1 32 14 53 53
0204_0026_0022_0042_0042.jpg 1 26 22 42 42
0205_0005_0030_0054_0054.jpg 1 5 30 54 54
0206_0023_0024_0062_0062.jpg 1 23 24 62 62
0207_0050_0047_0025_0025.jpg 1 50 47 25 25
0208_0014_0042_0040_0040.jpg 1 14 42 40 40
0209_0020_0008_0040_0040.jpg 1 20 8 40 40
0210_0005_0008_0052_0052.jpg 1 5 8 52 52
0211_0036_0023_0040_0040.jpg 1 36 23 40 40
0212_0025_0030_0050_0050.jpg 1 25 30 50 50
0213_0034_0034_0024_0024.jpg 1 34 34 24 24
0214_0005_0013_0069_0069.jpg 1 5 13 69 69
0215_0016_0037_0050_0050.jpg 1 16 37 50 50
0216_0040_0028_0044_0044.jpg 1 40 28 44 44
0217_0020_0030_0038_0038.jpg 1 20 30 38 38
0218_0054_0045_0024_0024.jpg 1 54 45 24 24
0219_0006_0032_0054_0054.jpg 1 6 32 54 54
0220_0023_0038_0057_0057.jpg 1 23 38 57 57
0221_0035_0010_0036_0036.jpg 1 35 10 36 36
0222_0058_0052_0027_0027.jpg 1 58 52 27 27
0223_0045_0035_0044_0044.jpg 1 45 35 44 44
0224_0003_0008_0064_0064.jpg 1 3 8 64 64
0225_0047_0032_0044_0044.jpg 1 47 32 44 44
0226_0005_0007_0068_0068.jpg 1 5 7 68 68
0227_0013_0023_0031_0031.jpg 1 13 23 31 31
0228_0025_0035_0057_0057.jpg 1 25 35 57 57
0229_0020_0021_0034_0034.jpg 1 20 21 34 34
0230_0026_0006_0066_0066.jpg 1 26 6 66 66
0231_0014_0019_0057_0057.jpg 1 14 19 57 57
0232_0044_0015_0040_0040.jpg 1 44 15 40 40
0233_0025_0042_0032_0032.jpg 1 25 42 32 32
0234_0029_0039_0050_0050.jpg 1 29 39 50 50
0235_0023_0013_0065_0065.jpg 1 23 13 65 65
0236_0033_0014_0029_0029.jpg 1 33 14 29 29
0237_0018_0031_0042_0042.jpg 1 18 31 42 42
0238_0025_0025_0062_0062.jpg 1 25 25 62 62
0239_0010_0039_0036_0036.jpg 1 10 39 36 36
0240_0025_0031_0061_0061.jpg 1 25 31 61 61
0241_0027_0005_0069_0069.jpg 1 27 5 69 69
0242_0019_0018_0043_0043.jpg 1 19 18 43 43
0243_0012_0018_0028_0028.jpg 1 12 18 28 28
0244_0011_0006_0058_0058.jpg 1 11 6 58 58
0245_0023_0013_0033_0033.jpg 1 23 13 33 33
0246_0015_0018_0068_0068.jpg 1 15 18 68 68
0247_0018_0040_0046_0046.jpg 1 18 40 46 46
0248_0030_0024_0048_0048.jpg 1 30 24 48 48
0249_0034_0036_0027_0027.jpg 1 34 36 27 27
0250_0006_0004_0056_0056.jpg 1 6 4 56 56
0251_0008_0041_0044_0044.jpg 1 8 41 44 44
0252_0038_0016_0046_0046.jpg 1 38 16 46 46
0253_0024_0012_0043_0043.jpg 1 24 12 43 43
0254_0036_0005_0058_0058.jpg 1 36 5 58 58
0255_0027_0036_0048_0048.jpg 1 27 36 48 48
0256_0005_0005_0057_0057.jpg 1 5 5 57 57
0257_0033_0010_0035_0035.jpg 1 33 10 35 35
0258_0045_0027_0043_0043.jpg 1 45 27 43 43
0259_0038_0029_0049_0049.jpg 1 38 29 49 49
0260_0011_0031_0031_0031.jpg 1 11 31 31 31
0261_0006_0031_0051_0051.jpg 1 6 31 51 51
0262_0033_0032_0061_0061.jpg 1 33 32 61 61
0263_0022_0062_0029_0029.jpg 1 22 62 29 29
0264_0055_0055_0038_0038.jpg 1 55 55 38 38
0265_0056_0027_0037_0037.jpg 1 56 27 37 37
0266_0010_0021_0040_0040.jpg 1 10 21 40 40
0267_0028_0007_0067_0067.jpg 1 28 7 67 67
0268_0029_0016_0042_0042.jpg 1 29 16 42 42
0269_0041_0007_0049_0049.jpg 1 41 7 49 49
0270_0021_0013_0026_0026.jpg 1 21 13 26 26
0271_0029_0008_0045_0045.jpg 1 29 8 45 45
0272_0007_0051_0030_0030.jpg 1 7 51 30 30
0273_0027_0016_0067_0067.jpg 1 27 16 67 67
0274_0022_0025_0060_0060.jpg 1 22 25 60 60
0275_0043_0049_0039_0039.jpg 1 43 49 39 39
0276_0010_0013_0057_0057.jpg 1 10 13 57 57
0277_0029_0006_0045_0045.jpg 1 29 6 45 45
0278_0051_0011_0029_0029.jpg 1 51 11 29 29
0279_0037_0058_0024_0024.jpg 1 37 58 24 24
0280_0009_0056_0036_0036.jpg 1 9 56 36 36
0281_0019_0035_0056_0056.jpg 1 19 35 56 56
0282_0011_0019_0066_0066.jpg 1 11 19 66 66
0283_0016_0033_0059_0059.jpg 1 16 33 59 59
0284_0025_0015_0047_0047.jpg 1 25 15 47 47
0285_0041_0008_0046_0046.jpg 1 41 8 46 46
0286_0007_0029_0065_0065.jpg 1 7 29 65 65
0287_0028_0015_0049_0049.jpg 1 28 15 49 49
0288_0046_0022_0040_0040.jpg 1 46 22 40 40
0289_0008_0020_0050_0050.jpg 1 8 20 50 50
0290_0025_0049_0033_0033.jpg 1 25 49 33 33
0291_0042_0032_0045_0045.jpg 1 42 32 45 45
0292_0046_0009_0045_0045.jpg 1 46 9 45 45
0293_0009_0009_0069_0069.jpg 1 9 9 69 69
0294_0025_0008_0035_0035.jpg 1 25 8 35 35
0295_0034_0026_0039_0039.jpg 1 34 26 39 39
0296_0027_0025_0041_0041.jpg 1 27 25 41 41
0297_0030_0044_0028_0028.jpg 1 30 44 28 28
0298_0038_0040_0047_0047.jpg 1 38 40 47 47
0299_0029_0009_0057_0057.jpg 1 29 9 57 57
0300_0011_0014_0062_0062.jpg 1 11 14 62 62
0301_0008_0019_0054_0054.jpg 1 8 19 54 54
0302_0029_0018_0062_0062.jpg 1 29 18 62 62
0303_0025_0009_0050_0050.jpg 1 25 9 50 50
0304_0007_0007_0067_0067.jpg 1 7 7 67 67
0305_0014_0046_0045_0045.jpg 1 14 46 45 45
0306_0010_0055_0031_0031.jpg 1 10 55 31 31
0307_0011_0050_0032_0032.jpg 1 11 50 32 32
0308_0018_0004_0069_0069.jpg 1 18 4 69 69
0309_0027_0025_0040_0040.jpg 1 27 25 40 40
0310_0007_0035_0044_0044.jpg 1 7 35 44 44
0311_0017_0037_0026_0026.jpg 1 17 37 26 26
0312_0008_0031_0065_0065.jpg 1 8 31 65 65
0313_0059_0019_0033_0033.jpg 1 59 19 33 33
0314_0046_0043_0030_0030.jpg 1 46 43 30 30
0315_0042_0020_0029_0029.jpg 1 42 20 29 29
0316_0054_0040_0028_0028.jpg 1 54 40 28 28
0317_0054_0035_0039_0039.jpg 1 54 35 39 39
0318_0019_0030_0058_0058.jpg 1 19 30 58 58
0319_0033_0012_0038_0038.jpg 1 33 12 38 38
0320_0016_0022_0052_0052.jpg 1 16 22 52 52
0321_0016_0030_0065_0065.jpg 1 16 30 65 65
0322_0066_0035_0025_0025.jpg 1 66 35 25 25
0323_0052_0028_0036_0036.jpg 1 52 28 36 36
0324_0025_0032_0047_0047.jpg 1 25 32 47 47
0325_0019_0011_0063_0063.jpg 1 19 11 63 63
0326_0031_0044_0040_0040.jpg 1 31 44 40 40
0327_0041_0009_0043_0043.jpg 1 41 9 43 43
0328_0040_0028_0036_0036.jpg 1 40 28 36 36
0329_0014_0029_0054_0054.jpg 1 14 29 54 54
0330_0041_0041_0047_0047.jpg 1 41 41 47 47
0331_0014_0032_0051_0051.jpg 1 14 32 51 51
0332_0028_0032_0041_0041.jpg 1 28 32 41 41
0333_0024_0008_0042_0042.jpg 1 24 8 42 42
0334_0011_0049_0044_0044.jpg 1 11 49 44 44
0335_0011_0020_0040_0040.jpg 1 11 20 40 40
0336_0045_0020_0041_0041.jpg 1 45 20 41 41
0337_0011_0005_0050_0050.jpg 1 11 5 50 50
0338_0042_0034_0041_0041.jpg 1 42 34 41 41
0339_0004_0023_0066_0066.jpg 1 4 23 66 66
0340_0022_0026_0053_0053.jpg 1 22 26 53 53
0341_0035_0050_0036_0036.jpg 1 35 50 36 36
0342_0048_0022_0045_0045.jpg 1 48 22 45 45
0343_0007_0018_0062_0062.jpg 1 7 18 62 62
0344_0027_0056_0030_0030.jpg 1 27 56 30 30
0345_0036_0063_0029_0029.jpg 1 36 63 29 29
0346_0009_0011_0036_0036.jpg 1 9 11 36 36
0347_0046_0009_0027_0027.jpg 1 46 9 27 27
0348_0048_0040_0035_0035.jpg 1 48 40 35 35
0349_0007_0007_0040_0040.jpg 1 7 7 40 40
0350_0025_0034_0050_0050.jpg 1 25 34 50 50
0351_0043_0033_0036_0036.jpg 1 43 33 36 36
0352_0052_0028_0027_0027.jpg 1 52 28 27 27
0353_0009_0031_0058_0058.jpg 1 9 31 58 58
0354_0022_0027_0057_0057.jpg 1 22 27 57 57
0355_0006_0028_0068_0068.jpg 1 6 28 68 68
0356_0021_0012_0067_0067.jpg 1 21 12 67 67
0357_0043_0008_0046_0046.jpg 1 43 8 46 46
0358_0019_0041_0031_0031.jpg 1 19 41 31 31
0359_0046_0043_0031_0031.jpg 1 46 43 31 31
0360_0012_0041_0050_0050.jpg 1 12 41 50 50
0361_0009_0012_0066_0066.jpg 1 9 12 66 66
0362_0010_0029_0067_0067.jpg 1 10 29 67 67
0363_0037_0009_0034_0034.jpg 1 37 9 34 34
0364_0037_0017_0046_0046.jpg 1 37 17 46 46
0365_0032_0010_0041_0041.jpg 1 32 10 41 41
0366_0016_0005_0068_0068.jpg 1 16 5 68 68
0367_0015_0010_0024_0024.jpg 1 15 10 24 24
0368_0030_0029_0037_0037.jpg 1 30 29 37 37
0369_0029_0027_0061_0061.jpg 1 29 27 61 61
0370_0010_0008_0036_0036.jpg 1 10 8 36 36
0371_0012_0010_0040_0040.jpg 1 12 10 40 40
0372_0008_0011_0041_0041.jpg 1 8 11 41 41
0373_0022_0039_0051_0051.jpg 1 22 39 51 51
0374_0008_0031_0065_0065.jpg 1 8 31 65 65
0375_0027_0017_0049_0049.jpg 1 27 17 49 49
0376_0038_0016_0053_0053.jpg 1 38 16 53 53
0377_0022_0007_0063_0063.jpg 1 22 7 63 63
0378_0035_0008_0046_0046.jpg 1 35 8 46 46
0379_0019_0045_0042_0042.jpg 1 19 45 42 42
0380_0023_0025_0038_0038.jpg 1 23 25 38 38
0381_0008_0056_0033_0033.jpg 1 8 56 33 33
0382_0026_0014_0069_0069.jpg 1 26 14 69 69
0383_0024_0015_0065_0065.jpg 1 24 15 65 65
0384_0012_0019_0040_0040.jpg 1 12 19 40 40
0385_0015_0010_0069_0069.jpg 1 15 10 69 69
0386_0027_0035_0055_0055.jpg 1 27 35 55 55
0387_0014_0007_0032_0032.jpg 1 14 7 32 32
0388_0008_0025_0032_0032.jpg 1 8 25 32 32
0389_0023_0052_0036_0036.jpg 1 23 52 36 36
0390_0047_0027_0045_0045.jpg 1 47 27 45 45
0391_0036_0047_0029_0029.jpg 1 36 47 29 29
0392_0008_0027_0069_0069.jpg 1 8 27 69 69
0393_0039_0042_0036_0036.jpg 1 39 42 36 36
0394_0030_0006_0060_0060.jpg 1 30 6 60 60
0395_0031_0011_0055_0055.jpg 1 31 11 55 55
0396_0051_0012_0035_0035.jpg 1 51 12 35 35
0397_0024_0019_0050_0050.jpg 1 24 19 50 50
0398_0005_0019_0057_0057.jpg 1 5 19 57 57
0399_0020_0030_0026_0026.jpg 1 20 30 26 26
0400_0017_0033_0058_0058.jpg 1 17 33 58 58
0401_0022_0017_0043_0043.jpg 1 22 17 43 43
0402_0023_0041_0045_0045.jpg 1 23 41 45 45
0403_0011_0021_0067_0067.jpg 1 11 21 67 67
0404_0018_0021_0065_0065.jpg 1 18 21 65 65
0405_0012_0037_0050_0050.jpg 1 12 37 50 50
0406_0007_0012_0059_0059.jpg 1 7 12 59 59
0407_0031_0036_0052_0052.jpg 1 31 36 52 52
0408_0057_0056_0035_0035.jpg 1 57 56 35 35
0409_0021_0025_0065_0065.jpg 1 21 25 65 65
0410_0009_0027_0049_0049.jpg 1 9 27 49 49
0411_0013_0047_0034_0034.jpg 1 13 47 34 34
0412_0043_0016_0041_0041.jpg 1 43 16 41 41
0413_0045_0041_0045_0045.jpg 1 45 41 45 45
0414_0034_0045_0030_0030.jpg 1 34 45 30 30
0415_0029_0017_0066_0066.jpg 1 29 17 66 66
0416_0018_0032_0040_0040.jpg 1 18 32 40 40
0417_0038_0016_0053_0053.jpg 1 38 16 53 53
0418_0027_0023_0027_0027.jpg 1 27 23 27 27
0419_0032_0055_0032_0032.jpg 1 32 55 32 32
0420_0025_0022_0055_0055.jpg 1 25 22 55 55
0421_0007_0015_0064_0064.jpg 1 7 15 64 64
0422_0036_0012_0054_0054.jpg 1 36 12 54 54
0423_0043_0008_0047_0047.jpg 1 43 8 47 47
0424_0012_0011_0064_0064.jpg 1 12 11 64 64
0425_0048_0041_0042_0042.jpg 1 48 41 42 42
0426_0013_0028_0061_0061.jpg 1 13 28 61 61
0427_0012_0009_0048_0048.jpg 1 12 9 48 48
0428_0044_0048_0044_0044.jpg 1 44 48 44 44
0429_0024_0028_0026_0026.jpg 1 24 28 26 26
0430_0055_0044_0025_0025.jpg 1 55 44 25 25
0431_0040_0006_0038_0038.jpg 1 40 6 38 38
0432_0031_0006_0056_0056.jpg 1 31 6 56 56
0433_0015_0010_0065_0065.jpg 1 15 10 65 65
0434_0023_0024_0030_0030.jpg 1 23 24 30 30
0435_0012_0008_0065_0065.jpg 1 12 8 65 65
0436_0034_0047_0035_0035.jpg 1 34 47 35 35
0437_0021_0007_0027_0027.jpg 1 21 7 27 27
0438_0037_0012_0029_0029.jpg 1 37 12 29 29
0439_0022_0009_0035_0035.jpg 1 22 9 35 35
0440_0012_0006_0056_0056.jpg 1 12 6 56 56
0441_0055_0043_0035_0035.jpg 1 55 43 35 35
0442_0006_0032_0060_0060.jpg 1 6 32 60 60
0443_0049_0021_0026_0026.jpg 1 49 21 26 26
0444_0021_0031_0058_0058.jpg 1 21 31 58 58
0445_0014_0036_0056_0056.jpg 1 14 36 56 56
0446_0022_0025_0038_0038.jpg 1 22 25 38 38
0447_0016_0023_0068_0068.jpg 1 16 23 68 68
0448_0042_0024_0032_0032.jpg 1 42 24 32 32
0449_0051_0010_0036_0036.jpg 1 51 10 36 36
0450_0023_0010_0063_0063.jpg 1 23 10 63 63
0451_0023_0026_0046_0046.jpg 1 23 26 46 46
0452_0055_0063_0028_0028.jpg 1 55 63 28 28
0453_0037_0034_0036_0036.jpg 1 37 34 36 36
0454_0016_0022_0066_0066.jpg 1 16 22 66 66
0455_0016_0030_0050_0050.jpg 1 16 30 50 50
0456_0015_0010_0027_0027.jpg 1 15 10 27 27
0457_0037_0021_0038_0038.jpg 1 37 21 38 38
0458_0007_0009_0052_0052.jpg 1 7 9 52 52
0459_0028_0004_0065_0065.jpg 1 28 4 65 65
0460_0019_0050_0037_0037.jpg 1 19 50 37 37
0461_0009_0021_0048_0048.jpg 1 9 21 48 48
0462_0033_0045_0047_0047.jpg 1 33 45 47 47
0463_0017_0019_0056_0056.jpg 1 17 19 56 56
0464_0022_0009_0066_0066.jpg 1 22 9 66 66
0465_0041_0014_0040_0040.jpg 1 41 14 40 40
0466_0026_0007_0030_0030.jpg 1 26 7 30 30
0467_0027_0003_0064_0064.jpg 1 27 3 64 64
0468_0029_0015_0056_0056.jpg 1 29 15 56 56
0469_0020_0036_0053_0053.jpg 1 20 36 53 53
0470_0015_0015_0045_0045.jpg 1 15 15 45 45
0471_0011_0027_0056_0056.jpg 1 11 27 56 56
0472_0017_0030_0060_0060.jpg 1 17 30 60 60
0473_0039_0017_0042_0042.jpg 1 39 17 42 42
0474_0010_0010_0062_0062.jpg 1 10 10 62 62
0475_0014_0006_0054_0054.jpg 1 14 6 54 54
0476_0031_0027_0033_0033.jpg 1 31 27 33 33
0477_0036_0041_0047_0047.jpg 1 36 41 47 47
0478_0058_0038_0034_0034.jpg 1 58 38 34 34
0479_0010_0059_0026_0026.jpg 1 10 59 26 26
0480_0017_0016_0066_0066.jpg 1 17 16 66 66
0481_0006_0010_0060_0060.jpg 1 6 10 60 60
0482_0009_0020_0064_0064.jpg 1 9 20 64 64
0483_0024_0023_0061_0061.jpg 1 24 23 61 61
0484_0016_0049_0034_0034.jpg 1 16 49 34 34
0485_0034_0064_0028_0028.jpg 1 34 64 28 28
0486_0038_0041_0053_0053.jpg 1 38 41 53 53
0487_0026_0008_0048_0048.jpg 1 26 8 48 48
0488_0039_0033_0045_0045.jpg 1 39 33 45 45
0489_0016_0045_0041_0041.jpg 1 16 45 41 41
0490_0018_0012_0033_0033.jpg 1 18 12 33 33
0491_0014_0026_0046_0046.jpg 1 14 26 46 46
0492_0004_0004_0061_0061.jpg 1 4 4 61 61
0493_0025_0035_0039_0039.jpg 1 25 35 39 39
0494_0018_0041_0037_0037.jpg 1 18 41 37 37
0495_0035_0024_0059_0059.jpg 1 35 24 59 59
0496_0022_0018_0033_0033.jpg 1 22 18 33 33
0497_0011_0014_0042_0042.jpg 1 11 14 42 42
0498_0016_0016_0061_0061.jpg 1 16 16 61 61
0499_0033_0022_0047_0047.jpg 1 33 22 47 47
0500_0029_0033_0026_0026.jpg 1 29 33 26 26
0501_0039_0016_0030_0030.jpg 1 39 16 30 30
0502_0041_0007_0049_0049.jpg 1 41 7 49 49
0503_0021_0006_0062_0062.jpg 1 21 6 62 62
0504_0042_0045_0030_0030.jpg 1 42 45 30 30
0505_0020_0006_0069_0069.jpg 1 20 6 69 69
0506_0013_0045_0046_0046.jpg 1 13 45 46 46
0507_0022_0018_0031_0031.jpg 1 22 18 31 31
0508_0024_0030_0064_0064.jpg 1 24 30 64 64
0509_0007_0022_0068_0068.jpg 1 7 22 68 68
0510_0007_0003_0065_0065.jpg 1 7 3 65 65
0511_0015_0034_0041_0041.jpg 1 15 34 41 41
0512_0038_0011_0049_0049.jpg 1 38 11 49 49
0513_0015_0033_0034_0034.jpg 1 15 33 34 34
0514_0012_0034_0061_0061.jpg 1 12 34 61 61
0515_0026_0021_0064_0064.jpg 1 26 21 64 64
0516_0005_0020_0060_0060.jpg 1 5 20 60 60
0517_0031_0021_0051_0051.jpg 1 31 21 51 51
0518_0052_0026_0036_0036.jpg 1 52 26 36 36
0519_0014_0015_0066_0066.jpg 1 14 15 66 66
0520_0045_0024_0040_0040.jpg 1 45 24 40 40
0521_0012_0014_0050_0050.jpg 1 12 14 50 50
0522_0020_0013_0060_0060.jpg 1 20 13 60 60
0523_0051_0050_0041_0041.jpg 1 51 50 41 41
0524_0007_0005_0057_0057.jpg 1 7 5 57 57
0525_0010_0017_0067_0067.jpg 1 10 17 67 67
0526_0010_0025_0035_0035.jpg 1 10 25 35 35
0527_0046_0035_0045_0045.jpg 1 46 35 45 45
0528_0009_0007_0051_0051.jpg 1 9 7 51 51
0529_0012_0015_0059_0059.jpg 1 12 15 59 59
0530_0021_0046_0046_0046.jpg 1 21 46 46 46
0531_0015_0006_0067_0067.jpg 1 15 6 67 67
0532_0046_0051_0039_0039.jpg 1 46 51 39 39
0533_0009_0020_0033_0033.jpg 1 9 20 33 33
0534_0049_0044_0044_0044.jpg 1 49 44 44 44
0535_0022_0031_0064_0064.jpg 1 22 31 64 64
0536_0026_0034_0053_0053.jpg 1 26 34 53 53
0537_0065_0051_0026_0026.jpg 1 65 51 26 26
0538_0063_0022_0028_0028.jpg 1 63 22 28 28
0539_0038_0022_0049_0049.jpg 1 38 22 49 49
0540_0014_0032_0062_0062.jpg 1 14 32 62 62
0541_0022_0031_0063_0063.jpg 1 22 31 63 63
0542_0041_0028_0037_0037.jpg 1 41 28 37 37
0543_0050_0035_0026_0026.jpg 1 50 35 26 26
0544_0014_0014_0036_0036.jpg 1 14 14 36 36
0545_0015_0046_0033_0033.jpg 1 15 46 33 33
0546_0014_0029_0065_0065.jpg 1 14 29 65 65
0547_0027_0046_0048_0048.jpg 1 27 46 48 48
0548_0051_0052_0026_0026.jpg 1 51 52 26 26
0549_0007_0030_0039_0039.jpg 1 7 30 39 39
0550_0010_0024_0030_0030.jpg 1 10 24 30 30
0551_0027_0018_0050_0050.jpg 1 27 18 50 50
0552_0030_0012_0062_0062.jpg 1 30 12 62 62
0553_0016_0037_0048_0048.jpg 1 16 37 48 48
0554_0011_0027_0063_0063.jpg 1 11 27 63 63
0555_0023_0021_0064_0064.jpg 1 23 21 64 64
0556_0013_0035_0037_0037.jpg 1 13 35 37 37
0557_0039_0017_0037_0037.jpg 1 39 17 37 37
0558_0006_0018_0068_0068.jpg 1 6 18 68 68
0559_0034_0053_0029_0029.jpg 1 34 53 29 29
0560_0015_0025_0065_0065.jpg 1 15 25 65 65
0561_0016_0007_0024_0024.jpg 1 16 7 24 24
0562_0041_0036_0051_0051.jpg 1 41 36 51 51
0563_0007_0035_0059_0059.jpg 1 7 35 59 59
0564_0024_0020_0051_0051.jpg 1 24 20 51 51
0565_0029_0027_0059_0059.jpg 1 29 27 59 59
0566_0016_0009_0047_0047.jpg 1 16 9 47 47
0567_0021_0023_0058_0058.jpg 1 21 23 58 58
0568_0024_0061_0028_0028.jpg 1 24 61 28 28
0569_0013_0035_0041_0041.jpg 1 13 35 41 41
0570_0025_0004_0061_0061.jpg 1 25 4 61 61
0571_0028_0019_0067_0067.jpg 1 28 19 67 67
0572_0013_0003_0065_0065.jpg 1 13 3 65 65
0573_0016_0019_0065_0065.jpg 1 16 19 65 65
0574_0032_0039_0050_0050.jpg 1 32 39 50 50
0575_0032_0007_0035_0035.jpg 1 32 7 35 35
0576_0048_0032_0036_0036.jpg 1 48 32 36 36
0577_0024_0021_0057_0057.jpg 1 24 21 57 57
0578_0007_0037_0057_0057.jpg 1 7 37 57 57
0579_0010_0019_0059_0059.jpg 1 10 19 59 59
0580_0035_0041_0053_0053.jpg 1 35 41 53 53
0581_0020_0023_0067_0067.jpg 1 20 23 67 67
0582_0011_0013_0069_0069.jpg 1 11 13 69 69
0583_0026_0039_0026_0026.jpg 1 26 39 26 26
0584_0018_0008_0036_0036.jpg 1 18 8 36 36
0585_0029_0026_0063_0063.jpg 1 29 26 63 63
0586_0006_0030_0037_0037.jpg 1 6 30 37 37
0587_0017_0029_0052_0052.jpg 1 17 29 52 52
0588_0024_0016_0046_0046.jpg 1 24 16 46 46
0589_0025_0003_0068_0068.jpg 1 25 3 68 68
0590_0017_0020_0043_0043.jpg 1 17 20 43 43
0591_0009_0011_0052_0052.jpg 1 9 11 52 52
0592_0041_0021_0027_0027.jpg 1 41 21 27 27
0593_0044_0034_0033_0033.jpg 1 44 34 33 33
0594_0042_0059_0033_0033.jpg 1 42 59 33 33
0595_0008_0021_0048_0048.jpg 1 8 21 48 48
0596_0012_0030_0026_0026.jpg 1 12 30 26 26
0597_0029_0017_0041_0041.jpg 1 29 17 41 41
0598_0024_0021_0030_0030.jpg 1 24 21 30 30
0599_0048_0010_0030_0030.jpg 1 48 10 30 30
0600_0006_0004_0068_0068.jpg 1 6 4 68 68
0601_0007_0028_0025_0025.jpg 1 7 28 25 25
0602_0013_0027_0064_0064.jpg 1 13 27 64 64
0603_0039_0055_0035_0035.jpg 1 39 55 35 35
0604_0005_0023_0062_0062.jpg 1 5 23 62 62
0605_0006_0040_0037_0037.jpg 1 6 40 37 37
0606_0028_0010_0051_0051.jpg 1 28 10 51 51
0607_0043_0028_0050_0050.jpg 1 43 28 50 50
0608_0029_0049_0033_0033.jpg 1 29 49 33 33
0609_0016_0013_0058_0058.jpg 1 16 13 58 58
0610_0006_0015_0049_0049.jpg 1 6 15 49 49
0611_0037_0034_0057_0057.jpg 1 37 34 57 57
0612_0020_0020_0054_0054.jpg 1 20 20 54 54
0613_0013_0041_0036_0036.jpg 1 13 41 36 36
0614_0014_0017_0043_0043.jpg 1 14 17 43 43
0615_0031_0030_0062_0062.jpg 1 31 30 62 62
0616_0028_0035_0053_0053.jpg 1 28 35 53 53
0617_0050_0012_0032_0032.jpg 1 50 12 32 32
0618_0024_0021_0031_0031.jpg 1 24 21 31 31
0619_0018_0014_0067_0067.jpg 1 18 14 67 67
0620_0026_0025_0068_0068.jpg 1 26 25 68 68
0621_0028_0006_0063_0063.jpg 1 28 6 63 63
0622_0038_0037_0025_0025.jpg 1 38 37 25 25
0623_0018_0011_0064_0064.jpg 1 18 11 64 64
0624_0036_0034_0037_0037.jpg 1 36 34 37 37
0625_0012_0017_0062_0062.jpg 1 12 17 62 62
0626_0006_0003_0063_0063.jpg 1 6 3 63 63
0627_0056_0019_0027_0027.jpg 1 56 19 27 27
0628_0007_0035_0046_0046.jpg 1 7 35 46 46
0629_0023_0021_0056_0056.jpg 1 23 21 56 56
0630_0037_0060_0030_0030.jpg 1 37 60 30 30
0631_0025_0018_0052_0052.jpg 1 25 18 52 52
0632_0033_0048_0036_0036.jpg 1 33 48 36 36
0633_0012_0023_0061_0061.jpg 1 12 23 61 61
0634_0005_0026_0051_0051.jpg 1 5 26 51 51
0635_0021_0028_0043_0043.jpg 1 21 28 43 43
0636_0013_0025_0058_0058.jpg 1 13 25 58 58
0637_0012_0046_0027_0027.jpg 1 12 46 27 27
0638_0061_0032_0026_0026.jpg 1 61 32 26 26
0639_0021_0012_0052_0052.jpg 1 21 12 52 52
0640_0004_0008_0056_0056.jpg 1 4 8 56 56
0641_0022_0031_0056_0056.jpg 1 22 31 56 56
0642_0007_0016_0060_0060.jpg 1 7 16 60 60
0643_0040_0023_0029_0029.jpg 1 40 23 29 29
0644_0026_0013_0063_0063.jpg 1 26 13 63 63
0645_0013_0028_0042_0042.jpg 1 13 28 42 42
0646_0028_0013_0068_0068.jpg 1 28 13 68 68
0647_0018_0023_0056_0056.jpg 1 18 23 56 56
0648_0034_0030_0040_0040.jpg 1 34 30 40 40
0649_0035_0024_0044_0044.jpg 1 35 24 44 44
0650_0025_0021_0063_0063.jpg 1 25 21 63 63
0651_0007_0027_0041_0041.jpg 1 7 27 41 41
0652_0040_0012_0039_0039.jpg 1 40 12 39 39
0653_0013_0008_0067_0067.jpg 1 13 8 67 67
0654_0009_0019_0039_0039.jpg 1 9 19 39 39
0655_0032_0032_0041_0041.jpg 1 32 32 41 41
0656_0019_0019_0057_0057.jpg 1 19 19 57 57
0657_0014_0017_0059_0059.jpg 1 14 17 59 59
0658_0012_0050_0040_0040.jpg 1 12 50 40 40
0659_0028_0023_0040_0040.jpg 1 28 23 40 40
0660_0014_0021_0057_0057.jpg 1 14 21 57 57
0661_0027_0008_0056_0056.jpg 1 27 8 56 56
0662_0014_0021_0051_0051.jpg 1 14 21 51 51
0663_0024_0024_0069_0069.jpg 1 24 24 69 69
0664_0015_0036_0047_0047.jpg 1 15 36 47 47
0665_0010_0033_0053_0053.jpg 1 10 33 53 53
0666_0014_0042_0033_0033.jpg 1 14 42 33 33
0667_0033_0047_0027_0027.jpg 1 33 47 27 27
0668_0025_0012_0038_0038.jpg 1 25 12 38 38
0669_0035_0025_0027_0027.jpg 1 35 25 27 27
0670_0024_0029_0065_0065.jpg 1 24 29 65 65
0671_0050_0015_0035_0035.jpg 1 50 15 35 35
0672_0031_0030_0033_0033.jpg 1 31 30 33 33
0673_0007_0006_0056_0056.jpg 1 7 6 56 56
0674_0019_0009_0055_0055.jpg 1 19 9 55 55
0675_0043_0030_0032_0032.jpg 1 43 30 32 32
0676_0043_0008_0044_0044.jpg 1 43 8 44 44
0677_0027_0036_0058_0058.jpg 1 27 36 58 58
0678_0053_0029_0026_0026.jpg 1 53 29 26 26
0679_0007_0016_0064_0064.jpg 1 7 16 64 64
0680_0039_0036_0040_0040.jpg 1 39 36 40 40
0681_0040_0010_0036_0036.jpg 1 40 10 36 36
0682_0048_0059_0024_0024.jpg 1 48 59 24 24
0683_0030_0018_0058_0058.jpg 1 30 18 58 58
0684_0016_0047_0037_0037.jpg 1 16 47 37 37
0685_0017_0032_0056_0056.jpg 1 17 32 56 56
0686_0035_0018_0035_0035.jpg 1 35 18 35 35
0687_0052_0049_0026_0026.jpg 1 52 49 26 26
0688_0012_0050_0026_0026.jpg 1 12 50 26 26
0689_0016_0031_0043_0043.jpg 1 16 31 43 43
0690_0007_0007_0067_0067.jpg 1 7 7 67 67
0691_0039_0010_0036_0036.jpg 1 39 10 36 36
0692_0046_0032_0031_0031.jpg 1 46 32 31 31
0693_0018_0029_0057_0057.jpg 1 18 29 57 57
0694_0018_0048_0028_0028.jpg 1 18 48 28 28
0695_0014_0028_0049_0049.jpg 1 14 28 49 49
0696_0044_0020_0048_0048.jpg 1 44 20 48 48
0697_0006_0044_0045_0045.jpg 1 6 44 45 45
0698_0030_0025_0058_0058.jpg 1 30 25 58 58
0699_0036_0007_0056_0056.jpg 1 36 7 56 56
0700_0023_0011_0062_0062.jpg 1 23 11 62 62
0701_0016_0011_0065_0065.jpg 1 16 11 65 65
0702_0030_0043_0032_0032.jpg 1 30 43 32 32
0703_0013_0030_0059_0059.jpg 1 13 30 59 59
0704_0023_0019_0044_0044.jpg 1 23 19 44 44
0705_0021_0016_0055_0055.jpg 1 21 16 55 55
0706_0032_0048_0030_0030.jpg 1 32 48 30 30
0707_0005_0013_0057_0057.jpg 1 5 13 57 57
0708_0004_0034_0054_0054.jpg 1 4 34 54 54
0709_0011_0026_0054_0054.jpg 1 11 26 54 54
0710_0037_0012_0037_0037.jpg 1 37 12 37 37
0711_0018_0015_0029_0029.jpg 1 18 15 29 29
0712_0024_0029_0039_0039.jpg 1 24 29 39 39
0713_0045_0012_0029_0029.jpg 1 45 12 29 29
0714_0056_0023_0032_0032.jpg 1 56 23 32 32
0715_0012_0031_0030_0030.jpg 1 12 31 30 30
0716_0019_0031_0058_0058.jpg 1 19 31 58 58
0717_0027_0022_0050_0050.jpg 1 27 22 50 50
0718_0021_0021_0034_0034.jpg 1 21 21 34 34
0719_0009_0032_0045_0045.jpg 1 9 32 45 45
0720_0033_0018_0055_0055.jpg 1 33 18 55 55
0721_0038_0013_0028_0028.jpg 1 38 13 28 28
0722_0033_0045_0048_0048.jpg 1 33 45 48 48
0723_0057_0058_0028_0028.jpg 1 57 58 28 28
0724_0032_0023_0055_0055.jpg 1 32 23 55 55
0725_0036_0035_0043_0043.jpg 1 36 35 43 43
0726_0061_0055_0031_0031.jpg 1 61 55 31 31
0727_0012_0025_0069_0069.jpg 1 12 25 69 69
0728_0040_0016_0035_0035.jpg 1 40 16 35 35
0729_0036_0035_0050_0050.jpg 1 36 35 50 50
0730_0030_0049_0044_0044.jpg 1 30 49 44 44
0731_0013_0022_0068_0068.jpg 1 13 22 68 68
0732_0034_0008_0040_0040.jpg 1 34 8 40 40
0733_0026_0027_0068_0068.jpg 1 26 27 68 68
0734_0035_0014_0027_0027.jpg 1 35 14 27 27
0735_0024_0021_0049_0049.jpg 1 24 21 49 49
0736_0058_0043_0030_0030.jpg 1 58 43 30 30
0737_0027_0008_0067_0067.jpg 1 27 8 67 67
0738_0008_0022_0059_0059.jpg 1 8 22 59 59
0739_0052_0050_0026_0026.jpg 1 52 50 26 26
0740_0036_0057_0034_0034.jpg 1 36 57 34 34
0741_0033_0028_0051_0051.jpg 1 33 28 51 51
0742_0016_0026_0052_0052.jpg 1 16 26 52 52
0743_0037_0033_0055_0055.jpg 1 37 33 55 55
0744_0046_0009_0040_0040.jpg 1 46 9 40 40
0745_0024_0059_0024_0024.jpg 1 24 59 24 24
0746_0036_0035_0043_0043.jpg 1 36 35 43 43
0747_0008_0010_0069_0069.jpg 1 8 10 69 69
0748_0054_0045_0030_0030.jpg 1 54 45 30 30
0749_0018_0010_0044_0044.jpg 1 18 10 44 44
0750_0023_0036_0055_0055.jpg 1 23 36 55 55
0751_0015_0015_0060_0060.jpg 1 15 15 60 60
0752_0006_0008_0054_0054.jpg 1 6 8 54 54
0753_0018_0006_0049_0049.jpg 1 18 6 49 49
0754_0010_0023_0067_0067.jpg 1 10 23 67 67
0755_0023_0038_0046_0046.jpg 1 23 38 46 46
0756_0026_0019_0031_0031.jpg 1 26 19 31 31
0757_0018_0014_0038_0038.jpg 1 18 14 38 38
0758_0018_0007_0063_0063.jpg 1 18 7 63 63
0759_0026_0025_0055_0055.jpg 1 26 25 55 55
0760_0023_0004_0053_0053.jpg 1 23 4 53 53
0761_0021_0031_0036_0036.jpg 1 21 31 36 36
0762_0015_0031_0064_0064.jpg 1 15 31 64 64
0763_0025_0010_0066_0066.jpg 1 25 10 66 66
0764_0012_0020_0051_0051.jpg 1 12 20 51 51
0765_0033_0035_0052_0052.jpg 1 33 35 52 52
0766_0012_0027_0059_0059.jpg 1 12 27 59 59
0767_0037_0035_0048_0048.jpg 1 37 35 48 48
0768_0062_0022_0029_0029.jpg 1 62 22 29 29
0769_0042_0013_0035_0035.jpg 1 42 13 35 35
0770_0024_0042_0049_0049.jpg 1 24 42 49 49
0771_0024_0044_0050_0050.jpg 1 24 44 50 50
0772_0022_0013_0050_0050.jpg 1 22 13 50 50
0773_0039_0029_0049_0049.jpg 1 39 29 49 49
0774_0033_0010_0036_0036.jpg 1 33 10 36 36
0775_0042_0051_0031_0031.jpg 1 42 51 31 31
0776_0035_0015_0060_0060.jpg 1 35 15 60 60
0777_0019_0029_0065_0065.jpg 1 19 29 65 65
0778_0029_0029_0041_0041.jpg 1 29 29 41 41
0779_0048_0031_0026_0026.jpg 1 48 31 26 26
0780_0029_0012_0059_0059.jpg 1 29 12 59 59
0781_0016_0014_0046_0046.jpg 1 16 14 46 46
0782_0053_0027_0026_0026.jpg 1 53 27 26 26
0783_0030_0015_0062_0062.jpg 1 30 15 62 62
0784_0011_0038_0036_0036.jpg 1 11 38 36 36
0785_0032_0014_0043_0043.jpg 1 32 14 43 43
0786_0008_0026_0039_0039.jpg 1 8 26 39 39
0787_0028_0025_0041_0041.jpg 1 28 25 41 41
0788_0017_0038_0055_0055.jpg 1 17 38 55 55
0789_0055_0026_0024_0024.jpg 1 55 26 24 24
0790_0016_0015_0053_0053.jpg 1 16 15 53 53
0791_0009_0032_0042_0042.jpg 1 9 32 42 42
0792_0015_0029_0046_0046.jpg 1 15 29 46 46
0793_0048_0032_0027_0027.jpg 1 48 32 27 27
0794_0014_0018_0056_0056.jpg 1 14 18 56 56
0795_0018_0057_0024_0024.jpg 1 18 57 24 24
0796_0042_0046_0040_0040.jpg 1 42 46 40 40
0797_0052_0025_0033_0033.jpg 1 52 25 33 33
0798_0032_0048_0024_0024.jpg 1 32 48 24 24
0799_0026_0019_0061_0061.jpg 1 26 19 61 61
0800_0009_0010_0060_0060.jpg 1 9 10 60 60
0801_0006_0013_0062_0062.jpg 1 6 13 62 62
0802_0040_0029_0033_0033.jpg 1 40 29 33 33
0803_0046_0023_0043_0043.jpg 1 46 23 43 43
0804_0040_0024_0037_0037.jpg 1 40 24 37 37
0805_0055_0018_0036_0036.jpg 1 55 18 36 36
0806_0023_0024_0065_0065.jpg 1 23 24 65 65
0807_0011_0016_0034_0034.jpg 1 11 16 34 34
0808_0021_0041_0035_0035.jpg 1 21 41 35 35
0809_0027_0018_0064_0064.jpg 1 27 18 64 64
0810_0046_0050_0034_0034.jpg 1 46 50 34 34
0811_0026_0035_0057_0057.jpg 1 26 35 57 57
0812_0042_0054_0033_0033.jpg 1 42 54 33 33
0813_0009_0022_0027_0027.jpg 1 9 22 27 27
0814_0049_0031_0033_0033.jpg 1 49 31 33 33
0815_0033_0018_0056_0056.jpg 1 33 18 56 56
0816_0022_0014_0064_0064.jpg 1 22 14 64 64
0817_0056_0048_0027_0027.jpg 1 56 48 27 27
0818_0022_0008_0062_0062.jpg 1 22 8 62 62
0819_0012_0008_0042_0042.jpg 1 12 8 42 42
0820_0028_0025_0058_0058.jpg 1 28 25 58 58
0821_0049_0024_0044_0044.jpg 1 49 24 44 44
0822_0031_0009_0059_0059.jpg 1 31 9 59 59
0823_0046_0033_0033_0033.jpg 1 46 33 33 33
0824_0016_0016_0052_0052.jpg 1 16 16 52 52
0825_0027_0026_0056_0056.jpg 1 27 26 56 56
0826_0031_0010_0054_0054.jpg 1 31 10 54 54
0827_0008_0029_0061_0061.jpg 1 8 29 61 61
0828_0021_0009_0051_0051.jpg 1 21 9 51 51
0829_0019_0015_0065_0065.jpg 1 19 15 65 65
0830_0021_0028_0037_0037.jpg 1 21 28 37 37
0831_0028_0009_0055_0055.jpg 1 28 9 55 55
0832_0035_0005_0058_0058.jpg 1 35 5 58 58
0833_0005_0015_0069_0069.jpg 1 5 15 69 69
0834_0007_0014_0053_0053.jpg 1 7 14 53 53
0835_0023_0011_0057_0057.jpg 1 23 11 57 57
0836_0056_0015_0035_0035.jpg 1 56 15 35 35
0837_0020_0014_0030_0030.jpg 1 20 14 30 30
0838_0007_0013_0064_0064.jpg 1 7 13 64 64
0839_0022_0008_0051_0051.jpg 1 22 8 51 51
0840_0046_0042_0035_0035.jpg 1 46 42 35 35
0841_0053_0053_0035_0035.jpg 1 53 53 35 35
0842_0018_0016_0046_0046.jpg 1 18 16 46 46
0843_0019_0040_0035_0035.jpg 1 19 40 35 35
0844_0032_0024_0057_0057.jpg 1 32 24 57 57
0845_0034_0041_0044_0044.jpg 1 34 41 44 44
0846_0026_0012_0068_0068.jpg 1 26 12 68 68
0847_0032_0013_0050_0050.jpg 1 32 13 50 50
0848_0062_0041_0026_0026.jpg 1 62 41 26 26
0849_0026_0016_0038_0038.jpg 1 26 16 38 38
0850_0020_0006_0039_0039.jpg 1 20 6 39 39
0851_0023_0013_0035_0035.jpg 1 23 13 35 35
0852_0026_0010_0047_0047.jpg 1 26 10 47 47
0853_0042_0045_0039_0039.jpg 1 42 45 39 39
0854_0044_0035_0050_0050.jpg 1 44 35 50 50
0855_0034_0044_0047_0047.jpg 1 34 44 47 47
0856_0013_0044_0045_0045.jpg 1 13 44 45 45
0857_0015_0022_0028_0028.jpg 1 15 22 28 28
0858_0005_0028_0065_0065.jpg 1 5 28 65 65
0859_0017_0006_0054_0054.jpg 1 17 6 54 54
0860_0005_0010_0056_0056.jpg 1 5 10 56 56
0861_0004_0030_0057_0057.jpg 1 4 30 57 57
0862_0047_0017_0045_0045.jpg 1 47 17 45 45
0863_0005_0006_0065_0065.jpg 1 5 6 65 65
0864_0019_0004_0056_0056.jpg 1 19 4 56 56
0865_0018_0003_0067_0067.jpg 1 18 3 67 67
0866_0035_0009_0045_0045.jpg 1 35 9 45 45
0867_0031_0033_0026_0026.jpg 1 31 33 26 26
0868_0003_0018_0065_0065.jpg 1 3 18 65 65
0869_0024_0039_0047_0047.jpg 1 24 39 47 47
0870_0025_0010_0059_0059.jpg 1 25 10 59 59
0871_0021_0034_0042_0042.jpg 1 21 34 42 42
0872_0021_0042_0026_0026.jpg 1 21 42 26 26
0873_0010_0016_0044_0044.jpg 1 10 16 44 44
0874_0010_0010_0063_0063.jpg 1 10 10 63 63
0875_0044_0049_0027_0027.jpg 1 44 49 27 27
0876_0015_0032_0043_0043.jpg 1 15 32 43 43
0877_0029_0026_0049_0049.jpg 1 29 26 49 49
0878_0057_0043_0033_0033.jpg 1 57 43 33 33
0879_0015_0031_0062_0062.jpg 1 15 31 62 62
0880_0040_0037_0054_0054.jpg 1 40 37 54 54
0881_0017_0007_0054_0054.jpg 1 17 7 54 54
0882_0036_0018_0054_0054.jpg 1 36 18 54 54
0883_0022_0016_0069_0069.jpg 1 22 16 69 69
0884_0016_0019_0067_0067.jpg 1 16 19 67 67
0885_0045_0035_0040_0040.jpg 1 45 35 40 40
0886_0004_0004_0057_0057.jpg 1 4 4 57 57
0887_0021_0007_0062_0062.jpg 1 21 7 62 62
0888_0018_0029_0065_0065.jpg 1 18 29 65 65
0889_0033_0022_0040_0040.jpg 1 33 22 40 40
0890_0011_0008_0052_0052.jpg 1 11 8 52 52
0891_0005_0006_0055_0055.jpg 1 5 6 55 55
0892_0052_0052_0038_0038.jpg 1 52 52 38 38
0893_0030_0037_0056_0056.jpg 1 30 37 56 56
0894_0015_0041_0044_0044.jpg 1 15 41 44 44
0895_0038_0039_0040_0040.jpg 1 38 39 40 40
0896_0017_0010_0069_0069.jpg 1 17 10 69 69
0897_0003_0021_0063_0063.jpg 1 3 21 63 63
0898_0023_0005_0066_0066.jpg 1 23 5 66 66
0899_0024_0015_0037_0037.jpg 1 24 15 37 37
0900_0023_0027_0068_0068.jpg 1 23 27 68 68
0901_0012_0015_0032_0032.jpg 1 12 15 32 32
0902_0009_0025_0062_0062.jpg 1 9 25 62 62
0903_0018_0006_0058_0058.jpg 1 18 6 58 58
0904_0022_0009_0059_0059.jpg 1 22 9 59 59
0905_0038_0011_0041_0041.jpg 1 38 11 41 41
0906_0014_0028_0064_0064.jpg 1 14 28 64 64
0907_0009_0020_0047_0047.jpg 1 9 20 47 47
0908_0028_0022_0044_0044.jpg 1 28 22 44 44
0909_0016_0038_0045_0045.jpg 1 16 38 45 45
0910_0013_0003_0069_0069.jpg 1 13 3 69 69
0911_0012_0017_0068_0068.jpg 1 12 17 68 68
0912_0023_0019_0053_0053.jpg 1 23 19 53 53
0913_0040_0016_0039_0039.jpg 1 40 16 39 39
0914_0007_0007_0061_0061.jpg 1 7 7 61 61
0915_0029_0008_0030_0030.jpg 1 29 8 30 30
0916_0022_0012_0038_0038.jpg 1 22 12 38 38
0917_0015_0027_0063_0063.jpg 1 15 27 63 63
0918_0008_0012_0026_0026.jpg 1 8 12 26 26
0919_0025_0031_0057_0057.jpg 1 25 31 57 57
0920_0019_0022_0066_0066.jpg 1 19 22 66 66
0921_0050_0017_0040_0040.jpg 1 50 17 40 40
0922_0015_0005_0066_0066.jpg 1 15 5 66 66
0923_0055_0026_0033_0033.jpg 1 55 26 33 33
0924_0019_0017_0069_0069.jpg 1 19 17 69 69
0925_0024_0011_0037_0037.jpg 1 24 11 37 37
0926_0009_0022_0058_0058.jpg 1 9 22 58 58
0927_0014_0058_0033_0033.jpg 1 14 58 33 33
0928_0016_0039_0027_0027.jpg 1 16 39 27 27
0929_0015_0056_0025_0025.jpg 1 15 56 25 25
0930_0023_0016_0050_0050.jpg 1 23 16 50 50
0931_0013_0041_0050_0050.jpg 1 13 41 50 50
0932_0022_0019_0067_0067.jpg 1 22 19 67 67
0933_0020_0008_0034_0034.jpg 1 20 8 34 34
0934_0033_0029_0048_0048.jpg 1 33 29 48 48
0935_0042_0049_0036_0036.jpg 1 42 49 36 36
0936_0048_0008_0044_0044.jpg 1 48 8 44 44
0937_0024_0041_0051_0051.jpg 1 24 41 51 51
0938_0039_0041_0028_0028.jpg 1 39 41 28 28
0939_0031_0013_0045_0045.jpg 1 31 13 45 45
0940_0024_0017_0063_0063.jpg 1 24 17 63 63
0941_0031_0057_0035_0035.jpg 1 31 57 35 35
0942_0032_0023_0059_0059.jpg 1 32 23 59 59
0943_0042_0050_0030_0030.jpg 1 42 50 30 30
0944_0011_0033_0033_0033.jpg 1 11 33 33 33
0945_0020_0048_0045_0045.jpg 1 20 48 45 45
0946_0030_0032_0033_0033.jpg 1 30 32 33 33
0947_0038_0031_0050_0050.jpg 1 38 31 50 50
0948_0017_0023_0053_0053.jpg 1 17 23 53 53
0949_0032_0038_0030_0030.jpg 1 32 38 30 30
0950_0041_0051_0032_0032.jpg 1 41 51 32 32
0951_0005_0020_0048_0048.jpg 1 5 20 48 48
0952_0029_0045_0040_0040.jpg 1 29 45 40 40
0953_0025_0022_0057_0057.jpg 1 25 22 57 57
0954_0011_0021_0056_0056.jpg 1 11 21 56 56
0955_0019_0063_0024_0024.jpg 1 19 63 24 24
0956_0014_0007_0048_0048.jpg 1 14 7 48 48
0957_0007_0032_0060_0060.jpg 1 7 32 60 60
0958_0008_0017_0029_0029.jpg 1 8 17 29 29
0959_0024_0004_0069_0069.jpg 1 24 4 69 69
0960_0019_0014_0068_0068.jpg 1 19 14 68 68
0961_0039_0021_0051_0051.jpg 1 39 21 51 51
0962_0006_0029_0067_0067.jpg 1 6 29 67 67
0963_0027_0018_0061_0061.jpg 1 27 18 61 61
0964_0036_0020_0047_0047.jpg 1 36 20 47 47
0965_0037_0026_0055_0055.jpg 1 37 26 55 55
0966_0024_0009_0047_0047.jpg 1 24 9 47 47
0967_0042_0012_0042_0042.jpg 1 42 12 42 42
0968_0015_0021_0067_0067.jpg 1 15 21 67 67
0969_0027_0039_0050_0050.jpg 1 27 39 50 50
0970_0017_0030_0052_0052.jpg 1 17 30 52 52
0971_0028_0045_0043_0043.jpg 1 28 45 43 43
0972_0020_0027_0065_0065.jpg 1 20 27 65 65
0973_0008_0041_0047_0047.jpg 1 8 41 47 47
0974_0013_0018_0035_0035.jpg 1 13 18 35 35
0975_0024_0015_0025_0025.jpg 1 24 15 25 25
0976_0051_0054_0035_0035.jpg 1 51 54 35 35
0977_0034_0026_0042_0042.jpg 1 34 26 42 42
0978_0019_0004_0069_0069.jpg 1 19 4 69 69
0979_0049_0014_0036_0036.jpg 1 49 14 36 36
0980_0030_0025_0065_0065.jpg 1 30 25 65 65
0981_0028_0006_0052_0052.jpg 1 28 6 52 52
0982_0032_0010_0060_0060.jpg 1 32 10 60 60
0983_0013_0043_0034_0034.jpg 1 13 43 34 34
0984_0012_0045_0042_0042.jpg 1 12 45 42 42
0985_0049_0044_0025_0025.jpg 1 49 44 25 25
0986_0027_0010_0045_0045.jpg 1 27 10 45 45
0987_0028_0007_0044_0044.jpg 1 28 7 44 44
0988_0022_0011_0062_0062.jpg 1 22 11 62 62
0989_0038_0011_0049_0049.jpg 1 38 11 49 49
0990_0039_0030_0047_0047.jpg 1 39 30 47 47
0991_0029_0028_0067_0067.jpg 1 29 28 67 67
0992_0011_0033_0043_0043.jpg 1 11 33 43 43
0993_0043_0038_0034_0034.jpg 1 43 38 34 34
0994_0027_0037_0052_0052.jpg 1 27 37 52 52
0995_0041_0015_0049_0049.jpg 1 41 15 49 49
0996_0018_0048_0036_0036.jpg 1 18 48 36 36
0997_0012_0027_0048_0048.jpg 1 12 27 48 48
0998_0016_0006_0045_0045.jpg 1 16 6 45 45
0999_0004_0017_0069_0069.jpg 1 4 17 69 69
1000_0017_0018_0053_0053.jpg 1 17 18 53 53
1001_0039_0024_0045_0045.jpg 1 39 24 45 45
1002_0026_0037_0051_0051.jpg 1 26 37 51 51
1003_0038_0043_0039_0039.jpg 1 38 43 39 39
1004_0052_0052_0033_0033.jpg 1 52 52 33 33
1005_0039_0045_0048_0048.jpg 1 39 45 48 48
1006_0022_0023_0046_0046.jpg 1 22 23 46 46
1007_0013_0010_0042_0042.jpg 1 13 10 42 42
1008_0031_0023_0048_0048.jpg 1 31 23 48 48
1009_0012_0017_0054_0054.jpg 1 12 17 54 54
1010_0010_0014_0060_0060.jpg 1 10 14 60 60
1011_0006_0023_0043_0043.jpg 1 6 23 43 43
1012_0041_0044_0029_0029.jpg 1 41 44 29 29
1013_0023_0014_0026_0026.jpg 1 23 14 26 26
1014_0017_0013_0055_0055.jpg 1 17 13 55 55
1015_0018_0026_0038_0038.jpg 1 18 26 38 38
1016_0014_0024_0026_0026.jpg 1 14 24 26 26
1017_0019_0040_0052_0052.jpg 1 19 40 52 52
1018_0056_0062_0028_0028.jpg 1 56 62 28 28
1019_0013_0033_0060_0060.jpg 1 13 33 60 60
1020_0010_0007_0062_0062.jpg 1 10 7 62 62
1021_0004_0008_0064_0064.jpg 1 4 8 64 64
1022_0026_0024_0065_0065.jpg 1 26 24 65 65
1023_0032_0060_0031_0031.jpg 1 32 60 31 31
1024_0031_0025_0061_0061.jpg 1 31 25 61 61
1025_0014_0026_0063_0063.jpg 1 14 26 63 63
1026_0015_0026_0026_0026.jpg 1 15 26 26 26
1027_0031_0021_0036_0036.jpg 1 31 21 36 36
1028_0023_0024_0058_0058.jpg 1 23 24 58 58
1029_0042_0036_0049_0049.jpg 1 42 36 49 49
1030_0013_0035_0044_0044.jpg 1 13 35 44 44
1031_0028_0016_0052_0052.jpg 1 28 16 52 52
1032_0006_0031_0054_0054.jpg 1 6 31 54 54
1033_0030_0023_0039_0039.jpg 1 30 23 39 39
1034_0036_0037_0049_0049.jpg 1 36 37 49 49
1035_0059_0055_0033_0033.jpg 1 59 55 33 33
1036_0044_0028_0038_0038.jpg 1 44 28 38 38
1037_0026_0042_0051_0051.jpg 1 26 42 51 51
1038_0007_0017_0048_0048.jpg 1 7 17 48 48
1039_0031_0050_0031_0031.jpg 1 31 50 31 31
1040_0014_0043_0048_0048.jpg 1 14 43 48 48
1041_0008_0044_0044_0044.jpg 1 8 44 44 44
1042_0021_0019_0068_0068.jpg 1 21 19 68 68
1043_0039_0052_0027_0027.jpg 1 39 52 27 27
1044_0041_0052_0035_0035.jpg 1 41 52 35 35
1045_0035_0021_0060_0060.jpg 1 35 21 60 60
1046_0015_0010_0025_0025.jpg 1 15 10 25 25
1047_0021_0014_0058_0058.jpg 1 21 14 58 58
1048_0010_0004_0068_0068.jpg 1 10 4 68 68
1049_0009_0022_0050_0050.jpg 1 9 22 50 50
1050_0032_0039_0048_0048.jpg 1 32 39 48 48
1051_0043_0032_0049_0049.jpg 1 43 32 49 49
1052_0008_0015_0050_0050.jpg 1 8 15 50 50
1053_0047_0031_0038_0038.jpg 1 47 31 38 38
1054_0039_0030_0056_0056.jpg 1 39 30 56 56
1055_0043_0008_0039_0039.jpg 1 43 8 39 39
1056_0057_0018_0030_0030.jpg 1 57 18 30 30
1057_0030_0031_0064_0064.jpg 1 30 31 64 64
1058_0040_0038_0030_0030.jpg 1 40 38 30 30
1059_0009_0013_0037_0037.jpg 1 9 13 37 37
1060_0008_0016_0065_0065.jpg 1 8 16 65 65
1061_0045_0011_0028_0028.jpg 1 45 11 28 28
1062_0010_0023_0066_0066.jpg 1 10 23 66 66
1063_0027_0003_0061_0061.jpg 1 27 3 61 61
1064_0026_0033_0042_0042.jpg 1 26 33 42 42
1065_0018_0010_0060_0060.jpg 1 18 10 60 60
1066_0047_0031_0031_0031.jpg 1 47 31 31 31
1067_0035_0058_0031_0031.jpg 1 35 58 31 31
1068_0058_0051_0027_0027.jpg 1 58 51 27 27
1069_0022_0024_0052_0052.jpg 1 22 24 52 52
1070_0011_0025_0044_0044.jpg 1 11 25 44 44
1071_0035_0036_0056_0056.jpg 1 35 36 56 56
1072_0024_0022_0059_0059.jpg 1 24 22 59 59
1073_0006_0022_0055_0055.jpg 1 6 22 55 55
1074_0044_0023_0026_0026.jpg 1 44 23 26 26
1075_0009_0019_0059_0059.jpg 1 9 19 59 59
1076_0010_0019_0068_0068.jpg 1 10 19 68 68
1077_0015_0027_0058_0058.jpg 1 15 27 58 58
1078_0040_0042_0032_0032.jpg 1 40 42 32 32
1079_0018_0037_0055_0055.jpg 1 18 37 55 55
1080_0008_0025_0056_0056.jpg 1 8 25 56 56
1081_0022_0055_0031_0031.jpg 1 22 55 31 31
1082_0042_0037_0043_0043.jpg 1 42 37 43 43
1083_0056_0020_0027_0027.jpg 1 56 20 27 27
1084_0025_0054_0030_0030.jpg 1 25 54 30 30
1085_0007_0038_0056_0056.jpg 1 7 38 56 56
1086_0041_0028_0049_0049.jpg 1 41 28 49 49
1087_0044_0047_0034_0034.jpg 1 44 47 34 34
1088_0014_0018_0060_0060.jpg 1 14 18 60 60
1089_0037_0037_0052_0052.jpg 1 37 37 52 52
1090_0009_0059_0028_0028.jpg 1 9 59 28 28
1091_0011_0034_0037_0037.jpg 1 11 34 37 37
1092_0029_0017_0063_0063.jpg 1 29 17 63 63
1093_0031_0009_0052_0052.jpg 1 31 9 52 52
1094_0048_0013_0042_0042.jpg 1 48 13 42 42
1095_0007_0050_0036_0036.jpg 1 7 50 36 36
1096_0017_0027_0029_0029.jpg 1 17 27 29 29
1097_0021_0012_0034_0034.jpg 1 21 12 34 34
1098_0056_0035_0025_0025.jpg 1 56 35 25 25
1099_0048_0040_0041_0041.jpg 1 48 40 41 41
1100_0027_0009_0047_0047.jpg 1 27 9 47 47
1101_0038_0026_0029_0029.jpg 1 38 26 29 29
1102_0043_0010_0036_0036.jpg 1 43 10 36 36
1103_0011_0004_0062_0062.jpg 1 11 4 62 62
1104_0022_0028_0049_0049.jpg 1 22 28 49 49
1105_0004_0011_0064_0064.jpg 1 4 11 64 64
1106_0035_0016_0058_0058.jpg 1 35 16 58 58
1107_0039_0023_0045_0045.jpg 1 39 23 45 45
1108_0024_0008_0030_0030.jpg 1 24 8 30 30
1109_0053_0039_0029_0029.jpg 1 53 39 29 29
1110_0015_0046_0045_0045.jpg 1 15 46 45 45
1111_0028_0023_0042_0042.jpg 1 28 23 42 42
1112_0022_0046_0047_0047.jpg 1 22 46 47 47
1113_0056_0060_0025_0025.jpg 1 56 60 25 25
1114_0061_0020_0024_0024.jpg 1 61 20 24 24
1115_0021_0013_0054_0054.jpg 1 21 13 54 54
1116_0047_0048_0044_0044.jpg 1 47 48 44 44
1117_0038_0011_0030_0030.jpg 1 38 11 30 30
1118_0036_0007_0032_0032.jpg 1 36 7 32 32
1119_0033_0027_0055_0055.jpg 1 33 27 55 55
1120_0035_0023_0026_0026.jpg 1 35 23 26 26
1121_0046_0032_0024_0024.jpg 1 46 32 24 24
1122_0023_0042_0030_0030.jpg 1 23 42 30 30
1123_0004_0006_0059_0059.jpg 1 4 6 59 59
1124_0009_0008_0039_0039.jpg 1 9 8 39 39
1125_0017_0006_0063_0063.jpg 1 17 6 63 63
1126_0015_0013_0066_0066.jpg 1 15 13 66 66
1127_0018_0014_0029_0029.jpg 1 18 14 29 29
1128_0018_0048_0029_0029.jpg 1 18 48 29 29
1129_0009_0056_0026_0026.jpg 1 9 56 26 26
1130_0052_0053_0024_0024.jpg 1 52 53 24 24
1131_0029_0037_0033_0033.jpg 1 29 37 33 33
1132_0029_0028_0028_0028.jpg 1 29 28 28 28
1133_0024_0041_0035_0035.jpg 1 24 41 35 35
1134_0027_0021_0054_0054.jpg 1 27 21 54 54
1135_0041_0009_0025_0025.jpg 1 41 9 25 25
1136_0014_0016_0069_0069.jpg 1 14 16 69 69
1137_0013_0059_0029_0029.jpg 1 13 59 29 29
1138_0025_0024_0042_0042.jpg 1 25 24 42 42
1139_0027_0066_0024_0024.jpg 1 27 66 24 24
1140_0022_0032_0056_0056.jpg 1 22 32 56 56
1141_0043_0027_0024_0024.jpg 1 43 27 24 24
1142_0057_0019_0034_0034.jpg 1 57 19 34 34
1143_0011_0008_0069_0069.jpg 1 11 8 69 69
1144_0035_0014_0040_0040.jpg 1 35 14 40 40
1145_0053_0027_0033_0033.jpg 1 53 27 33 33
1146_0014_0018_0045_0045.jpg 1 14 18 45 45
1147_0013_0035_0044_0044.jpg 1 13 35 44 44
1148_0018_0020_0034_0034.jpg 1 18 20 34 34
1149_0006_0029_0066_0066.jpg 1 6 29 66 66
1150_0013_0045_0048_0048.jpg 1 13 45 48 48
1151_0039_0038_0043_0043.jpg 1 39 38 43 43
1152_0027_0026_0066_0066.jpg 1 27 26 66 66
1153_0042_0023_0051_0051.jpg 1 42 23 51 51
1154_0037_0021_0051_0051.jpg 1 37 21 51 51
1155_0015_0050_0024_0024.jpg 1 15 50 24 24
1156_0008_0007_0049_0049.jpg 1 8 7 49 49
1157_0059_0048_0024_0024.jpg 1 59 48 24 24
1158_0032_0012_0025_0025.jpg 1 32 12 25 25
1159_0043_0020_0045_0045.jpg 1 43 20 45 45
1160_0005_0022_0045_0045.jpg 1 5 22 45 45
1161_0050_0049_0040_0040.jpg 1 50 49 40 40
1162_0030_0016_0039_0039.jpg 1 30 16 39 39
1163_0014_0059_0031_0031.jpg 1 14 59 31 31
1164_0034_0008_0060_0060.jpg 1 34 8 60 60
1165_0011_0020_0045_0045.jpg 1 11 20 45 45
1166_0015_0028_0040_0040.jpg 1 15 28 40 40
1167_0034_0006_0047_0047.jpg 1 34 6 47 47
1168_0031_0043_0042_0042.jpg 1 31 43 42 42
1169_0047_0030_0025_0025.jpg 1 47 30 25 25
1170_0024_0022_0040_0040.jpg 1 24 22 40 40
1171_0018_0010_0063_0063.jpg 1 18 10 63 63
1172_0007_0041_0045_0045.jpg 1 7 41 45 45
1173_0025_0008_0045_0045.jpg 1 25 8 45 45
1174_0028_0043_0046_0046.jpg 1 28 43 46 46
1175_0013_0036_0057_0057.jpg 1 13 36 57 57
1176_0023_0017_0061_0061.jpg 1 23 17 61 61
1177_0011_0007_0047_0047.jpg 1 11 7 47 47
1178_0041_0056_0030_0030.jpg 1 41 56 30 30
1179_0054_0051_0025_0025.jpg 1 54 51 25 25
1180_0024_0006_0040_0040.jpg 1 24 6 40 40
1181_0011_0024_0041_0041.jpg 1 11 24 41 41
1182_0030_0006_0035_0035.jpg 1 30 6 35 35
1183_0016_0028_0049_0049.jpg 1 16 28 49 49
1184_0010_0056_0031_0031.jpg 1 10 56 31 31
1185_0025_0027_0066_0066.jpg 1 25 27 66 66
1186_0058_0035_0032_0032.jpg 1 58 35 32 32
1187_0052_0038_0027_0027.jpg 1 52 38 27 27
1188_0050_0023_0029_0029.jpg 1 50 23 29 29
1189_0035_0032_0058_0058.jpg 1 35 32 58 58
1190_0009_0015_0064_0064.jpg 1 9 15 64 64
1191_0016_0018_0066_0066.jpg 1 16 18 66 66
1192_0026_0029_0058_0058.jpg 1 26 29 58 58
1193_0019_0005_0046_0046.jpg 1 19 5 46 46
1194_0045_0025_0043_0043.jpg 1 45 25 43 43
1195_0022_0029_0062_0062.jpg 1 22 29 62 62
1196_0035_0041_0049_0049.jpg 1 35 41 49 49
1197_0031_0028_0051_0051.jpg 1 31 28 51 51
1198_0012_0014_0034_0034.jpg 1 12 14 34 34
1199_0013_0028_0044_0044.jpg 1 13 28 44 44
1200_0007_0011_0055_0055.jpg 1 7 11 55 55
1201_0025_0032_0061_0061.jpg 1 25 32 61 61
1202_0028_0049_0045_0045.jpg 1 28 49 45 45
1203_0033_0026_0056_0056.jpg 1 33 26 56 56
1204_0034_0022_0028_0028.jpg 1 34 22 28 28
1205_0015_0024_0068_0068.jpg 1 15 24 68 68
1206_0050_0061_0024_0024.jpg 1 50 61 24 24
1207_0028_0038_0047_0047.jpg 1 28 38 47 47
1208_0014_0034_0045_0045.jpg 1 14 34 45 45
1209_0005_0021_0048_0048.jpg 1 5 21 48 48
1210_0023_0030_0063_0063.jpg 1 23 30 63 63
1211_0047_0047_0027_0027.jpg 1 47 47 27 27
1212_0019_0028_0061_0061.jpg 1 19 28 61 61
1213_0034_0017_0038_0038.jpg 1 34 17 38 38
1214_0020_0006_0043_0043.jpg 1 20 6 43 43
1215_0017_0009_0053_0053.jpg 1 17 9 53 53
1216_0041_0054_0028_0028.jpg 1 41 54 28 28
1217_0028_0020_0065_0065.jpg 1 28 20 65 65
1218_0020_0012_0034_0034.jpg 1 20 12 34 34
1219_0029_0029_0026_0026.jpg 1 29 29 26 26
1220_0006_0015_0045_0045.jpg 1 6 15 45 45
1221_0015_0043_0026_0026.jpg 1 15 43 26 26
1222_0031_0010_0043_0043.jpg 1 31 10 43 43
1223_0036_0009_0042_0042.jpg 1 36 9 42 42
1224_0020_0021_0033_0033.jpg 1 20 21 33 33
1225_0025_0007_0068_0068.jpg 1 25 7 68 68
1226_0008_0025_0039_0039.jpg 1 8 25 39 39
1227_0015_0025_0038_0038.jpg 1 15 25 38 38
1228_0011_0016_0027_0027.jpg 1 11 16 27 27
1229_0018_0022_0054_0054.jpg 1 18 22 54 54
1230_0020_0035_0044_0044.jpg 1 20 35 44 44
1231_0048_0031_0025_0025.jpg 1 48 31 25 25
1232_0012_0042_0047_0047.jpg 1 12 42 47 47
1233_0028_0034_0061_0061.jpg 1 28 34 61 61
1234_0022_0027_0055_0055.jpg 1 22 27 55 55
1235_0038_0051_0030_0030.jpg 1 38 51 30 30
1236_0041_0036_0042_0042.jpg 1 41 36 42 42
1237_0021_0020_0066_0066.jpg 1 21 20 66 66
1238_0040_0027_0035_0035.jpg 1 40 27 35 35
1239_0010_0022_0061_0061.jpg 1 10 22 61 61
1240_0013_0018_0069_0069.jpg 1 13 18 69 69
1241_0030_0050_0035_0035.jpg 1 30 50 35 35
1242_0062_0041_0025_0025.jpg 1 62 41 25 25
1243_0036_0016_0050_0050.jpg 1 36 16 50 50
1244_0060_0052_0026_0026.jpg 1 60 52 26 26
1245_0041_0020_0028_0028.jpg 1 41 20 28 28
1246_0044_0040_0039_0039.jpg 1 44 40 39 39
1247_0056_0012_0036_0036.jpg 1 56 12 36 36
1248_0027_0018_0041_0041.jpg 1 27 18 41 41
1249_0018_0005_0044_0044.jpg 1 18 5 44 44
1250_0032_0058_0031_0031.jpg 1 32 58 31 31
1251_0011_0026_0048_0048.jpg 1 11 26 48 48
1252_0038_0048_0035_0035.jpg 1 38 48 35 35
1253_0039_0006_0043_0043.jpg 1 39 6 43 43
1254_0020_0018_0025_0025.jpg 1 20 18 25 25
1255_0040_0018_0048_0048.jpg 1 40 18 48 48
1256_0028_0019_0053_0053.jpg 1 28 19 53 53
1257_0061_0041_0024_0024.jpg 1 61 41 24 24
1258_0011_0010_0053_0053.jpg 1 11 10 53 53
1259_0039_0051_0029_0029.jpg 1 39 51 29 29
1260_0016_0014_0067_0067.jpg 1 16 14 67 67
1261_0025_0011_0033_0033.jpg 1 25 11 33 33
1262_0035_0006_0054_0054.jpg 1 35 6 54 54
1263_0045_0033_0041_0041.jpg 1 45 33 41 41
1264_0015_0010_0039_0039.jpg 1 15 10 39 39
1265_0035_0021_0048_0048.jpg 1 35 21 48 48
1266_0048_0033_0042_0042.jpg 1 48 33 42 42
1267_0032_0031_0053_0053.jpg 1 32 31 53 53
1268_0027_0014_0067_0067.jpg 1 27 14 67 67
1269_0064_0035_0027_0027.jpg 1 64 35 27 27
1270_0025_0018_0043_0043.jpg 1 25 18 43 43
1271_0060_0037_0029_0029.jpg 1 60 37 29 29
1272_0020_0050_0034_0034.jpg 1 20 50 34 34
1273_0034_0062_0026_0026.jpg 1 34 62 26 26
1274_0034_0049_0030_0030.jpg 1 34 49 30 30
1275_0037_0036_0028_0028.jpg 1 37 36 28 28
1276_0011_0026_0052_0052.jpg 1 11 26 52 52
1277_0012_0017_0062_0062.jpg 1 12 17 62 62
1278_0027_0034_0056_0056.jpg 1 27 34 56 56
1279_0032_0029_0026_0026.jpg 1 32 29 26 26
1280_0044_0062_0028_0028.jpg 1 44 62 28 28
1281_0022_0030_0049_0049.jpg 1 22 30 49 49
1282_0025_0036_0042_0042.jpg 1 25 36 42 42
1283_0023_0021_0053_0053.jpg 1 23 21 53 53
1284_0016_0020_0060_0060.jpg 1 16 20 60 60
1285_0030_0028_0046_0046.jpg 1 30 28 46 46
1286_0020_0010_0034_0034.jpg 1 20 10 34 34
1287_0005_0032_0057_0057.jpg 1 5 32 57 57
1288_0021_0026_0036_0036.jpg 1 21 26 36 36
1289_0030_0020_0065_0065.jpg 1 30 20 65 65
1290_0022_0022_0059_0059.jpg 1 22 22 59 59
1291_0018_0044_0048_0048.jpg 1 18 44 48 48
1292_0033_0013_0045_0045.jpg 1 33 13 45 45
1293_0006_0025_0063_0063.jpg 1 6 25 63 63
1294_0005_0015_0069_0069.jpg 1 5 15 69 69
1295_0010_0033_0052_0052.jpg 1 10 33 52 52
1296_0032_0042_0052_0052.jpg 1 32 42 52 52
1297_0015_0011_0058_0058.jpg 1 15 11 58 58
1298_0006_0020_0051_0051.jpg 1 6 20 51 51
1299_0037_0049_0035_0035.jpg 1 37 49 35 35
1300_0012_0060_0027_0027.jpg 1 12 60 27 27
1301_0025_0033_0026_0026.jpg 1 25 33 26 26
1302_0025_0067_0024_0024.jpg 1 25 67 24 24
1303_0046_0048_0045_0045.jpg 1 46 48 45 45
1304_0037_0054_0026_0026.jpg 1 37 54 26 26
1305_0035_0028_0050_0050.jpg 1 35 28 50 50
1306_0014_0029_0025_0025.jpg 1 14 29 25 25
1307_0030_0024_0065_0065.jpg 1 30 24 65 65
1308_0029_0032_0064_0064.jpg 1 29 32 64 64
1309_0025_0020_0042_0042.jpg 1 25 20 42 42
1310_0030_0051_0031_0031.jpg 1 30 51 31 31
1311_0034_0023_0055_0055.jpg 1 34 23 55 55
1312_0022_0049_0038_0038.jpg 1 22 49 38 38
1313_0015_0048_0025_0025.jpg 1 15 48 25 25
1314_0011_0006_0039_0039.jpg 1 11 6 39 39
1315_0036_0045_0041_0041.jpg 1 36 45 41 41
1316_0039_0034_0034_0034.jpg 1 39 34 34 34
1317_0012_0023_0064_0064.jpg 1 12 23 64 64
1318_0028_0023_0060_0060.jpg 1 28 23 60 60
1319_0018_0016_0067_0067.jpg 1 18 16 67 67
1320_0008_0008_0046_0046.jpg 1 8 8 46 46
1321_0016_0037_0034_0034.jpg 1 16 37 34 34
1322_0020_0013_0030_0030.jpg 1 20 13 30 30
1323_0040_0023_0040_0040.jpg 1 40 23 40 40
1324_0008_0034_0050_0050.jpg 1 8 34 50 50
1325_0015_0046_0027_0027.jpg 1 15 46 27 27
1326_0013_0023_0037_0037.jpg 1 13 23 37 37
1327_0035_0039_0052_0052.jpg 1 35 39 52 52
1328_0007_0015_0054_0054.jpg 1 7 15 54 54
1329_0009_0037_0047_0047.jpg 1 9 37 47 47
1330_0007_0025_0055_0055.jpg 1 7 25 55 55
1331_0030_0039_0048_0048.jpg 1 30 39 48 48
1332_0020_0020_0034_0034.jpg 1 20 20 34 34
1333_0017_0021_0060_0060.jpg 1 17 21 60 60
1334_0022_0006_0046_0046.jpg 1 22 6 46 46
1335_0030_0041_0028_0028.jpg 1 30 41 28 28
1336_0024_0018_0053_0053.jpg 1 24 18 53 53
1337_0024_0042_0050_0050.jpg 1 24 42 50 50
1338_0035_0049_0044_0044.jpg 1 35 49 44 44
1339_0016_0026_0068_0068.jpg 1 16 26 68 68
1340_0011_0027_0068_0068.jpg 1 11 27 68 68
1341_0010_0010_0056_0056.jpg 1 10 10 56 56
1342_0039_0011_0038_0038.jpg 1 39 11 38 38
1343_0053_0048_0034_0034.jpg 1 53 48 34 34
1344_0034_0011_0060_0060.jpg 1 34 11 60 60
1345_0058_0062_0029_0029.jpg 1 58 62 29 29
1346_0028_0011_0038_0038.jpg 1 28 11 38 38
1347_0022_0015_0068_0068.jpg 1 22 15 68 68
1348_0007_0034_0044_0044.jpg 1 7 34 44 44
1349_0010_0034_0053_0053.jpg 1 10 34 53 53
1350_0017_0034_0043_0043.jpg 1 17 34 43 43
1351_0014_0013_0063_0063.jpg 1 14 13 63 63
1352_0020_0027_0038_0038.jpg 1 20 27 38 38
1353_0050_0026_0031_0031.jpg 1 50 26 31 31
1354_0012_0026_0052_0052.jpg 1 12 26 52 52
1355_0014_0007_0064_0064.jpg 1 14 7 64 64
1356_0031_0033_0054_0054.jpg 1 31 33 54 54
1357_0004_0034_0059_0059.jpg 1 4 34 59 59
1358_0024_0020_0044_0044.jpg 1 24 20 44 44
1359_0012_0022_0042_0042.jpg 1 12 22 42 42
1360_0031_0034_0033_0033.jpg 1 31 34 33 33
1361_0025_0004_0055_0055.jpg 1 25 4 55 55
1362_0013_0026_0068_0068.jpg 1 13 26 68 68
1363_0017_0007_0068_0068.jpg 1 17 7 68 68
1364_0035_0021_0055_0055.jpg 1 35 21 55 55
1365_0051_0041_0031_0031.jpg 1 51 41 31 31
1366_0007_0018_0053_0053.jpg 1 7 18 53 53
1367_0036_0040_0054_0054.jpg 1 36 40 54 54
1368_0018_0010_0063_0063.jpg 1 18 10 63 63
1369_0047_0014_0035_0035.jpg 1 47 14 35 35
1370_0013_0009_0065_0065.jpg 1 13 9 65 65
1371_0047_0065_0026_0026.jpg 1 47 65 26 26
1372_0023_0025_0048_0048.jpg 1 23 25 48 48
1373_0016_0013_0058_0058.jpg 1 16 13 58 58
1374_0035_0014_0035_0035.jpg 1 35 14 35 35
1375_0038_0057_0026_0026.jpg 1 38 57 26 26
1376_0031_0019_0041_0041.jpg 1 31 19 41 41
1377_0058_0022_0031_0031.jpg 1 58 22 31 31
1378_0051_0010_0028_0028.jpg 1 51 10 28 28
1379_0010_0030_0051_0051.jpg 1 10 30 51 51
1380_0023_0015_0055_0055.jpg 1 23 15 55 55
1381_0047_0042_0025_0025.jpg 1 47 42 25 25
1382_0005_0008_0067_0067.jpg 1 5 8 67 67
1383_0015_0029_0051_0051.jpg 1 15 29 51 51
1384_0020_0035_0056_0056.jpg 1 20 35 56 56
1385_0035_0024_0052_0052.jpg 1 35 24 52 52
1386_0019_0018_0048_0048.jpg 1 19 18 48 48
1387_0031_0039_0056_0056.jpg 1 31 39 56 56
1388_0013_0037_0058_0058.jpg 1 13 37 58 58
1389_0032_0017_0028_0028.jpg 1 32 17 28 28
1390_0037_0029_0039_0039.jpg 1 37 29 39 39
1391_0038_0022_0045_0045.jpg 1 38 22 45 45
1392_0025_0023_0057_0057.jpg 1 25 23 57 57
1393_0038_0008_0030_0030.jpg 1 38 8 30 30
1394_0011_0023_0036_0036.jpg 1 11 23 36 36
1395_0004_0009_0068_0068.jpg 1 4 9 68 68
1396_0048_0011_0026_0026.jpg 1 48 11 26 26
1397_0010_0016_0058_0058.jpg 1 10 16 58 58
1398_0034_0032_0039_0039.jpg 1 34 32 39 39
1399_0005_0011_0069_0069.jpg 1 5 11 69 69
1400_0013_0016_0061_0061.jpg 1 13 16 61 61
1401_0013_0020_0068_0068.jpg 1 13 20 68 68
1402_0028_0007_0047_0047.jpg 1 28 7 47 47
1403_0020_0041_0024_0024.jpg 1 20 41 24 24
1404_0024_0031_0061_0061.jpg 1 24 31 61 61
1405_0044_0033_0045_0045.jpg 1 44 33 45 45
1406_0033_0050_0025_0025.jpg 1 33 50 25 25
1407_0032_0036_0025_0025.jpg 1 32 36 25 25
1408_0016_0026_0029_0029.jpg 1 16 26 29 29
1409_0034_0018_0024_0024.jpg 1 34 18 24 24
1410_0037_0035_0054_0054.jpg 1 37 35 54 54
1411_0019_0043_0034_0034.jpg 1 19 43 34 34
1412_0020_0008_0031_0031.jpg 1 20 8 31 31
1413_0016_0053_0024_0024.jpg 1 16 53 24 24
1414_0009_0061_0029_0029.jpg 1 9 61 29 29
1415_0006_0024_0068_0068.jpg 1 6 24 68 68
1416_0026_0024_0033_0033.jpg 1 26 24 33 33
1417_0004_0034_0056_0056.jpg 1 4 34 56 56
1418_0004_0010_0064_0064.jpg 1 4 10 64 64
1419_0035_0017_0045_0045.jpg 1 35 17 45 45
1420_0013_0015_0040_0040.jpg 1 13 15 40 40
1421_0034_0025_0033_0033.jpg 1 34 25 33 33
1422_0022_0018_0066_0066.jpg 1 22 18 66 66
1423_0012_0024_0066_0066.jpg 1 12 24 66 66
1424_0023_0026_0052_0052.jpg 1 23 26 52 52
1425_0062_0021_0028_0028.jpg 1 62 21 28 28
1426_0049_0041_0034_0034.jpg 1 49 41 34 34
1427_0022_0020_0035_0035.jpg 1 22 20 35 35
1428_0025_0011_0049_0049.jpg 1 25 11 49 49
1429_0047_0049_0034_0034.jpg 1 47 49 34 34
1430_0012_0009_0065_0065.jpg 1 12 9 65 65
1431_0032_0026_0061_0061.jpg 1 32 26 61 61
1432_0013_0019_0049_0049.jpg 1 13 19 49 49
1433_0028_0034_0052_0052.jpg 1 28 34 52 52
1434_0017_0023_0059_0059.jpg 1 17 23 59 59
1435_0035_0043_0050_0050.jpg 1 35 43 50 50
1436_0023_0010_0066_0066.jpg 1 23 10 66 66
1437_0027_0034_0042_0042.jpg 1 27 34 42 42
1438_0027_0011_0050_0050.jpg 1 27 11 50 50
1439_0020_0006_0042_0042.jpg 1 20 6 42 42
1440_0017_0027_0064_0064.jpg 1 17 27 64 64
1441_0047_0036_0036_0036.jpg 1 47 36 36 36
1442_0039_0032_0038_0038.jpg 1 39 32 38 38
1443_0038_0035_0053_0053.jpg 1 38 35 53 53
1444_0052_0055_0035_0035.jpg 1 52 55 35 35
1445_0045_0008_0036_0036.jpg 1 45 8 36 36
1446_0010_0009_0045_0045.jpg 1 10 9 45 45
1447_0025_0018_0058_0058.jpg 1 25 18 58 58
1448_0044_0017_0047_0047.jpg 1 44 17 47 47
1449_0042_0062_0028_0028.jpg 1 42 62 28 28
1450_0043_0019_0045_0045.jpg 1 43 19 45 45
1451_0042_0011_0041_0041.jpg 1 42 11 41 41
1452_0019_0041_0036_0036.jpg 1 19 41 36 36
1453_0028_0003_0068_0068.jpg 1 28 3 68 68
1454_0025_0043_0045_0045.jpg 1 25 43 45 45
1455_0025_0034_0031_0031.jpg 1 25 34 31 31
1456_0011_0033_0061_0061.jpg 1 11 33 61 61
1457_0039_0019_0024_0024.jpg 1 39 19 24 24
1458_0019_0027_0051_0051.jpg 1 19 27 51 51
1459_0049_0021_0041_0041.jpg 1 49 21 41 41
1460_0018_0012_0053_0053.jpg 1 18 12 53 53
1461_0011_0004_0069_0069.jpg 1 11 4 69 69
1462_0019_0041_0041_0041.jpg 1 19 41 41 41
1463_0017_0052_0039_0039.jpg 1 17 52 39 39
1464_0032_0030_0061_0061.jpg 1 32 30 61 61
1465_0025_0016_0058_0058.jpg 1 25 16 58 58
1466_0011_0009_0041_0041.jpg 1 11 9 41 41
1467_0030_0020_0041_0041.jpg 1 30 20 41 41
1468_0020_0027_0057_0057.jpg 1 20 27 57 57
1469_0043_0016_0031_0031.jpg 1 43 16 31 31
1470_0037_0037_0026_0026.jpg 1 37 37 26 26
1471_0025_0009_0043_0043.jpg 1 25 9 43 43
1472_0047_0036_0029_0029.jpg 1 47 36 29 29
1473_0020_0016_0063_0063.jpg 1 20 16 63 63
1474_0010_0004_0069_0069.jpg 1 10 4 69 69
1475_0033_0018_0057_0057.jpg 1 33 18 57 57
1476_0052_0041_0026_0026.jpg 1 52 41 26 26
1477_0043_0023_0051_0051.jpg 1 43 23 51 51
1478_0064_0035_0026_0026.jpg 1 64 35 26 26
1479_0014_0029_0048_0048.jpg 1 14 29 48 48
1480_0034_0058_0024_0024.jpg 1 34 58 24 24
1481_0021_0031_0063_0063.jpg 1 21 31 63 63
1482_0027_0013_0041_0041.jpg 1 27 13 41 41
1483_0017_0021_0057_0057.jpg 1 17 21 57 57
1484_0020_0005_0061_0061.jpg 1 20 5 61 61
1485_0007_0049_0033_0033.jpg 1 7 49 33 33
1486_0027_0009_0051_0051.jpg 1 27 9 51 51
1487_0025_0035_0042_0042.jpg 1 25 35 42 42
1488_0052_0030_0039_0039.jpg 1 52 30 39 39
1489_0016_0055_0033_0033.jpg 1 16 55 33 33
1490_0011_0014_0059_0059.jpg 1 11 14 59 59
1491_0031_0009_0060_0060.jpg 1 31 9 60 60
1492_0050_0015_0037_0037.jpg 1 50 15 37 37
1493_0046_0021_0042_0042.jpg 1 46 21 42 42
1494_0006_0026_0049_0049.jpg 1 6 26 49 49
1495_0038_0054_0036_0036.jpg 1 38 54 36 36
1496_0035_0042_0043_0043.jpg 1 35 42 43 43
1497_0032_0020_0039_0039.jpg 1 32 20 39 39
1498_0032_0007_0054_0054.jpg 1 32 7 54 54
1499_0013_0029_0032_0032.jpg 1 13 29 32 32
1500_0025_0013_0054_0054.jpg 1 25 13 54 54
1501_0012_0028_0042_0042.jpg 1 12 28 42 42
1502_0024_0034_0044_0044.jpg 1 24 34 44 44
1503_0034_0007_0030_0030.jpg 1 34 7 30 30
1504_0027_0012_0039_0039.jpg 1 27 12 39 39
1505_0022_0040_0047_0047.jpg 1 22 40 47 47
1506_0007_0042_0044_0044.jpg 1 7 42 44 44
1507_0029_0056_0036_0036.jpg 1 29 56 36 36
1508_0042_0026_0025_0025.jpg 1 42 26 25 25
1509_0014_0012_0061_0061.jpg 1 14 12 61 61
1510_0053_0012_0035_0035.jpg 1 53 12 35 35
1511_0017_0039_0051_0051.jpg 1 17 39 51 51
1512_0019_0009_0030_0030.jpg 1 19 9 30 30
1513_0050_0043_0030_0030.jpg 1 50 43 30 30
1514_0066_0022_0026_0026.jpg 1 66 22 26 26
1515_0020_0026_0025_0025.jpg 1 20 26 25 25
1516_0015_0004_0067_0067.jpg 1 15 4 67 67
1517_0017_0010_0050_0050.jpg 1 17 10 50 50
1518_0034_0045_0030_0030.jpg 1 34 45 30 30
1519_0032_0037_0035_0035.jpg 1 32 37 35 35
1520_0033_0019_0038_0038.jpg 1 33 19 38 38
1521_0029_0045_0024_0024.jpg 1 29 45 24 24
1522_0017_0029_0044_0044.jpg 1 17 29 44 44
1523_0035_0027_0056_0056.jpg 1 35 27 56 56
1524_0046_0065_0026_0026.jpg 1 46 65 26 26
1525_0010_0032_0056_0056.jpg 1 10 32 56 56
1526_0034_0009_0060_0060.jpg 1 34 9 60 60
1527_0045_0041_0041_0041.jpg 1 45 41 41 41
1528_0013_0023_0055_0055.jpg 1 13 23 55 55
1529_0013_0030_0056_0056.jpg 1 13 30 56 56
1530_0019_0009_0046_0046.jpg 1 19 9 46 46
1531_0018_0059_0025_0025.jpg 1 18 59 25 25
1532_0037_0031_0040_0040.jpg 1 37 31 40 40
1533_0033_0052_0027_0027.jpg 1 33 52 27 27
1534_0049_0038_0028_0028.jpg 1 49 38 28 28
1535_0045_0039_0047_0047.jpg 1 45 39 47 47
1536_0052_0053_0031_0031.jpg 1 52 53 31 31
1537_0008_0026_0066_0066.jpg 1 8 26 66 66
1538_0029_0022_0033_0033.jpg 1 29 22 33 33
1539_0045_0041_0049_0049.jpg 1 45 41 49 49
1540_0030_0038_0055_0055.jpg 1 30 38 55 55
1541_0008_0023_0066_0066.jpg 1 8 23 66 66
1542_0055_0037_0036_0036.jpg 1 55 37 36 36
1543_0038_0029_0054_0054.jpg 1 38 29 54 54
1544_0025_0004_0057_0057.jpg 1 25 4 57 57
1545_0019_0032_0046_0046.jpg 1 19 32 46 46
1546_0025_0022_0068_0068.jpg 1 25 22 68 68
1547_0054_0030_0033_0033.jpg 1 54 30 33 33
1548_0034_0035_0059_0059.jpg 1 34 35 59 59
1549_0043_0051_0027_0027.jpg 1 43 51 27 27
1550_0051_0059_0026_0026.jpg 1 51 59 26 26
1551_0050_0037_0044_0044.jpg 1 50 37 44 44
1552_0015_0004_0063_0063.jpg 1 15 4 63 63
1553_0036_0031_0043_0043.jpg 1 36 31 43 43
1554_0015_0018_0026_0026.jpg 1 15 18 26 26
1555_0016_0021_0035_0035.jpg 1 16 21 35 35
1556_0007_0016_0035_0035.jpg 1 7 16 35 35
1557_0042_0023_0040_0040.jpg 1 42 23 40 40
1558_0032_0057_0030_0030.jpg 1 32 57 30 30
1559_0017_0008_0048_0048.jpg 1 17 8 48 48
1560_0028_0026_0040_0040.jpg 1 28 26 40 40
1561_0046_0039_0044_0044.jpg 1 46 39 44 44
1562_0041_0044_0041_0041.jpg 1 41 44 41 41
1563_0016_0011_0049_0049.jpg 1 16 11 49 49
1564_0007_0005_0057_0057.jpg 1 7 5 57 57
1565_0028_0017_0037_0037.jpg 1 28 17 37 37
1566_0020_0028_0062_0062.jpg 1 20 28 62 62
1567_0049_0011_0042_0042.jpg 1 49 11 42 42
1568_0021_0048_0025_0025.jpg 1 21 48 25 25
1569_0013_0011_0058_0058.jpg 1 13 11 58 58
1570_0033_0032_0054_0054.jpg 1 33 32 54 54
1571_0043_0054_0024_0024.jpg 1 43 54 24 24
1572_0019_0006_0044_0044.jpg 1 19 6 44 44
1573_0049_0012_0039_0039.jpg 1 49 12 39 39
1574_0024_0022_0044_0044.jpg 1 24 22 44 44
1575_0017_0063_0028_0028.jpg 1 17 63 28 28
1576_0044_0008_0027_0027.jpg 1 44 8 27 27
1577_0011_0032_0038_0038.jpg 1 11 32 38 38
1578_0057_0041_0029_0029.jpg 1 57 41 29 29
1579_0018_0019_0051_0051.jpg 1 18 19 51 51
1580_0034_0029_0061_0061.jpg 1 34 29 61 61
1581_0015_0019_0053_0053.jpg 1 15 19 53 53
1582_0028_0026_0050_0050.jpg 1 28 26 50 50
1583_0009_0028_0067_0067.jpg 1 9 28 67 67
1584_0011_0024_0068_0068.jpg 1 11 24 68 68
1585_0010_0007_0067_0067.jpg 1 10 7 67 67
1586_0020_0036_0058_0058.jpg 1 20 36 58 58
1587_0006_0015_0038_0038.jpg 1 6 15 38 38
1588_0016_0027_0066_0066.jpg 1 16 27 66 66
1589_0009_0007_0054_0054.jpg 1 9 7 54 54
1590_0009_0020_0052_0052.jpg 1 9 20 52 52
1591_0007_0021_0061_0061.jpg 1 7 21 61 61
1592_0019_0009_0063_0063.jpg 1 19 9 63 63
1593_0047_0026_0027_0027.jpg 1 47 26 27 27
1594_0022_0014_0059_0059.jpg 1 22 14 59 59
1595_0029_0028_0040_0040.jpg 1 29 28 40 40
1596_0027_0030_0062_0062.jpg 1 27 30 62 62
1597_0035_0013_0028_0028.jpg 1 35 13 28 28
1598_0020_0012_0069_0069.jpg 1 20 12 69 69
1599_0018_0043_0051_0051.jpg 1 18 43 51 51
1600_0024_0038_0056_0056.jpg 1 24 38 56 56
1601_0027_0022_0043_0043.jpg 1 27 22 43 43
1602_0018_0033_0032_0032.jpg 1 18 33 32 32
1603_0028_0011_0027_0027.jpg 1 28 11 27 27
1604_0013_0016_0067_0067.jpg 1 13 16 67 67
1605_0030_0023_0063_0063.jpg 1 30 23 63 63
1606_0051_0052_0027_0027.jpg 1 51 52 27 27
1607_0047_0036_0028_0028.jpg 1 47 36 28 28
1608_0034_0038_0031_0031.jpg 1 34 38 31 31
1609_0030_0018_0029_0029.jpg 1 30 18 29 29
1610_0058_0040_0025_0025.jpg 1 58 40 25 25
1611_0024_0013_0069_0069.jpg 1 24 13 69 69
1612_0010_0016_0061_0061.jpg 1 10 16 61 61
1613_0014_0017_0040_0040.jpg 1 14 17 40 40
1614_0022_0028_0041_0041.jpg 1 22 28 41 41
1615_0050_0052_0039_0039.jpg 1 50 52 39 39
1616_0047_0044_0036_0036.jpg 1 47 44 36 36
1617_0062_0051_0029_0029.jpg 1 62 51 29 29
1618_0062_0027_0027_0027.jpg 1 62 27 27 27
1619_0010_0007_0061_0061.jpg 1 10 7 61 61
1620_0027_0027_0063_0063.jpg 1 27 27 63 63
1621_0037_0028_0036_0036.jpg 1 37 28 36 36
1622_0012_0037_0056_0056.jpg 1 12 37 56 56
1623_0053_0011_0027_0027.jpg 1 53 11 27 27
1624_0015_0008_0068_0068.jpg 1 15 8 68 68
1625_0015_0020_0043_0043.jpg 1 15 20 43 43
1626_0039_0027_0049_0049.jpg 1 39 27 49 49
1627_0024_0019_0062_0062.jpg 1 24 19 62 62
1628_0039_0030_0053_0053.jpg 1 39 30 53 53
1629_0023_0027_0024_0024.jpg 1 23 27 24 24
1630_0022_0008_0030_0030.jpg 1 22 8 30 30
1631_0033_0046_0029_0029.jpg 1 33 46 29 29
1632_0037_0007_0033_0033.jpg 1 37 7 33 33
1633_0041_0043_0031_0031.jpg 1 41 43 31 31
1634_0027_0014_0041_0041.jpg 1 27 14 41 41
1635_0012_0017_0032_0032.jpg 1 12 17 32 32
1636_0012_0021_0065_0065.jpg 1 12 21 65 65
1637_0060_0064_0025_0025.jpg 1 60 64 25 25
1638_0014_0032_0063_0063.jpg 1 14 32 63 63
1639_0010_0029_0061_0061.jpg 1 10 29 61 61
1640_0008_0029_0057_0057.jpg 1 8 29 57 57
1641_0009_0006_0037_0037.jpg 1 9 6 37 37
1642_0011_0063_0027_0027.jpg 1 11 63 27 27
1643_0017_0061_0029_0029.jpg 1 17 61 29 29
1644_0007_0026_0069_0069.jpg 1 7 26 69 69
1645_0014_0048_0045_0045.jpg 1 14 48 45 45
1646_0023_0045_0034_0034.jpg 1 23 45 34 34
1647_0015_0052_0032_0032.jpg 1 15 52 32 32
1648_0030_0009_0052_0052.jpg 1 30 9 52 52
1649_0036_0041_0046_0046.jpg 1 36 41 46 46
1650_0027_0022_0057_0057.jpg 1 27 22 57 57
1651_0022_0020_0041_0041.jpg 1 22 20 41 41
1652_0052_0042_0025_0025.jpg 1 52 42 25 25
1653_0016_0009_0050_0050.jpg 1 16 9 50 50
1654_0019_0006_0065_0065.jpg 1 19 6 65 65
1655_0043_0018_0037_0037.jpg 1 43 18 37 37
1656_0007_0017_0041_0041.jpg 1 7 17 41 41
1657_0012_0009_0055_0055.jpg 1 12 9 55 55
1658_0015_0034_0037_0037.jpg 1 15 34 37 37
1659_0014_0010_0043_0043.jpg 1 14 10 43 43
1660_0021_0007_0068_0068.jpg 1 21 7 68 68
1661_0006_0032_0063_0063.jpg 1 6 32 63 63
1662_0047_0013_0033_0033.jpg 1 47 13 33 33
1663_0006_0027_0040_0040.jpg 1 6 27 40 40
1664_0008_0027_0066_0066.jpg 1 8 27 66 66
1665_0016_0039_0055_0055.jpg 1 16 39 55 55
1666_0032_0022_0061_0061.jpg 1 32 22 61 61
1667_0012_0011_0066_0066.jpg 1 12 11 66 66
1668_0014_0042_0032_0032.jpg 1 14 42 32 32
1669_0027_0016_0066_0066.jpg 1 27 16 66 66
1670_0021_0018_0031_0031.jpg 1 21 18 31 31
1671_0053_0034_0034_0034.jpg 1 53 34 34 34
1672_0020_0004_0053_0053.jpg 1 20 4 53 53
1673_0030_0047_0047_0047.jpg 1 30 47 47 47
1674_0033_0027_0062_0062.jpg 1 33 27 62 62
1675_0012_0041_0046_0046.jpg 1 12 41 46 46
1676_0036_0004_0056_0056.jpg 1 36 4 56 56
1677_0029_0028_0026_0026.jpg 1 29 28 26 26
1678_0008_0046_0044_0044.jpg 1 8 46 44 44
1679_0032_0026_0052_0052.jpg 1 32 26 52 52
1680_0052_0039_0033_0033.jpg 1 52 39 33 33
1681_0010_0023_0055_0055.jpg 1 10 23 55 55
1682_0010_0021_0068_0068.jpg 1 10 21 68 68
1683_0012_0045_0036_0036.jpg 1 12 45 36 36
1684_0040_0036_0026_0026.jpg 1 40 36 26 26
1685_0030_0034_0057_0057.jpg 1 30 34 57 57
1686_0039_0059_0027_0027.jpg 1 39 59 27 27
1687_0026_0048_0029_0029.jpg 1 26 48 29 29
1688_0010_0014_0049_0049.jpg 1 10 14 49 49
1689_0029_0020_0053_0053.jpg 1 29 20 53 53
1690_0044_0041_0049_0049.jpg 1 44 41 49 49
1691_0024_0036_0052_0052.jpg 1 24 36 52 52
1692_0013_0027_0058_0058.jpg 1 13 27 58 58
1693_0016_0037_0036_0036.jpg 1 16 37 36 36
1694_0005_0027_0067_0067.jpg 1 5 27 67 67
1695_0057_0023_0024_0024.jpg 1 57 23 24 24
1696_0026_0032_0044_0044.jpg 1 26 32 44 44
1697_0025_0008_0031_0031.jpg 1 25 8 31 31
1698_0024_0015_0069_0069.jpg 1 24 15 69 69
1699_0004_0021_0069_0069.jpg 1 4 21 69 69
1700_0037_0045_0038_0038.jpg 1 37 45 38 38
1701_0027_0013_0069_0069.jpg 1 27 13 69 69
1702_0019_0003_0067_0067.jpg 1 19 3 67 67
1703_0034_0047_0040_0040.jpg 1 34 47 40 40
1704_0016_0006_0069_0069.jpg 1 16 6 69 69
1705_0010_0023_0050_0050.jpg 1 10 23 50 50
1706_0020_0005_0060_0060.jpg 1 20 5 60 60
1707_0020_0015_0031_0031.jpg 1 20 15 31 31
1708_0057_0008_0029_0029.jpg 1 57 8 29 29
1709_0011_0021_0041_0041.jpg 1 11 21 41 41
1710_0007_0031_0047_0047.jpg 1 7 31 47 47
1711_0022_0064_0025_0025.jpg 1 22 64 25 25
1712_0016_0023_0063_0063.jpg 1 16 23 63 63
1713_0031_0025_0064_0064.jpg 1 31 25 64 64
1714_0015_0030_0038_0038.jpg 1 15 30 38 38
1715_0043_0024_0051_0051.jpg 1 43 24 51 51
1716_0038_0019_0039_0039.jpg 1 38 19 39 39
1717_0025_0008_0066_0066.jpg 1 25 8 66 66
1718_0019_0013_0060_0060.jpg 1 19 13 60 60
1719_0026_0015_0062_0062.jpg 1 26 15 62 62
1720_0039_0041_0040_0040.jpg 1 39 41 40 40
1721_0039_0019_0044_0044.jpg 1 39 19 44 44
1722_0020_0011_0059_0059.jpg 1 20 11 59 59
1723_0043_0026_0045_0045.jpg 1 43 26 45 45
1724_0009_0029_0055_0055.jpg 1 9 29 55 55
1725_0016_0013_0069_0069.jpg 1 16 13 69 69
1726_0031_0015_0054_0054.jpg 1 31 15 54 54
1727_0006_0023_0062_0062.jpg 1 6 23 62 62
1728_0028_0012_0037_0037.jpg 1 28 12 37 37
1729_0016_0048_0025_0025.jpg 1 16 48 25 25
1730_0011_0014_0025_0025.jpg 1 11 14 25 25
1731_0026_0013_0034_0034.jpg 1 26 13 34 34
1732_0011_0062_0027_0027.jpg 1 11 62 27 27
1733_0014_0013_0052_0052.jpg 1 14 13 52 52
1734_0052_0055_0034_0034.jpg 1 52 55 34 34
1735_0056_0008_0025_0025.jpg 1 56 8 25 25
1736_0059_0012_0029_0029.jpg 1 59 12 29 29
1737_0028_0010_0058_0058.jpg 1 28 10 58 58
1738_0022_0030_0065_0065.jpg 1 22 30 65 65
1739_0029_0038_0055_0055.jpg 1 29 38 55 55
1740_0015_0039_0040_0040.jpg 1 15 39 40 40
1741_0051_0043_0040_0040.jpg 1 51 43 40 40
1742_0023_0017_0062_0062.jpg 1 23 17 62 62
1743_0041_0018_0050_0050.jpg 1 41 18 50 50
1744_0007_0031_0059_0059.jpg 1 7 31 59 59
1745_0037_0006_0042_0042.jpg 1 37 6 42 42
1746_0025_0011_0069_0069.jpg 1 25 11 69 69
1747_0023_0037_0039_0039.jpg 1 23 37 39 39
1748_0048_0038_0041_0041.jpg 1 48 38 41 41
1749_0037_0026_0032_0032.jpg 1 37 26 32 32
1750_0005_0022_0057_0057.jpg 1 5 22 57 57
1751_0040_0051_0040_0040.jpg 1 40 51 40 40
1752_0017_0033_0061_0061.jpg 1 17 33 61 61
1753_0017_0023_0028_0028.jpg 1 17 23 28 28
1754_0018_0029_0049_0049.jpg 1 18 29 49 49
1755_0023_0025_0045_0045.jpg 1 23 25 45 45
1756_0026_0038_0043_0043.jpg 1 26 38 43 43
1757_0034_0029_0060_0060.jpg 1 34 29 60 60
1758_0006_0025_0068_0068.jpg 1 6 25 68 68
1759_0027_0059_0031_0031.jpg 1 27 59 31 31
1760_0060_0032_0029_0029.jpg 1 60 32 29 29
1761_0034_0040_0039_0039.jpg 1 34 40 39 39
1762_0024_0015_0067_0067.jpg 1 24 15 67 67
1763_0028_0037_0049_0049.jpg 1 28 37 49 49
1764_0029_0024_0030_0030.jpg 1 29 24 30 30
1765_0017_0020_0063_0063.jpg 1 17 20 63 63
1766_0033_0034_0058_0058.jpg 1 33 34 58 58
1767_0023_0039_0043_0043.jpg 1 23 39 43 43
1768_0012_0025_0028_0028.jpg 1 12 25 28 28
1769_0016_0037_0056_0056.jpg 1 16 37 56 56
1770_0029_0037_0058_0058.jpg 1 29 37 58 58
1771_0025_0038_0052_0052.jpg 1 25 38 52 52
1772_0011_0043_0033_0033.jpg 1 11 43 33 33
1773_0025_0017_0052_0052.jpg 1 25 17 52 52
1774_0049_0048_0040_0040.jpg 1 49 48 40 40
1775_0032_0027_0046_0046.jpg 1 32 27 46 46
1776_0019_0041_0029_0029.jpg 1 19 41 29 29
1777_0028_0056_0035_0035.jpg 1 28 56 35 35
1778_0017_0025_0065_0065.jpg 1 17 25 65 65
1779_0039_0023_0050_0050.jpg 1 39 23 50 50
1780_0042_0042_0043_0043.jpg 1 42 42 43 43
1781_0008_0016_0065_0065.jpg 1 8 16 65 65
1782_0024_0021_0045_0045.jpg 1 24 21 45 45
1783_0006_0024_0059_0059.jpg 1 6 24 59 59
1784_0032_0011_0058_0058.jpg 1 32 11 58 58
1785_0007_0031_0062_0062.jpg 1 7 31 62 62
1786_0024_0027_0037_0037.jpg 1 24 27 37 37
1787_0058_0009_0029_0029.jpg 1 58 9 29 29
1788_0016_0026_0036_0036.jpg 1 16 26 36 36
1789_0010_0049_0041_0041.jpg 1 10 49 41 41
1790_0035_0021_0060_0060.jpg 1 35 21 60 60
1791_0022_0041_0049_0049.jpg 1 22 41 49 49
1792_0025_0037_0045_0045.jpg 1 25 37 45 45
1793_0052_0060_0029_0029.jpg 1 52 60 29 29
1794_0031_0015_0064_0064.jpg 1 31 15 64 64
1795_0007_0009_0063_0063.jpg 1 7 9 63 63
1796_0019_0021_0064_0064.jpg 1 19 21 64 64
1797_0056_0008_0027_0027.jpg 1 56 8 27 27
1798_0027_0026_0050_0050.jpg 1 27 26 50 50
1799_0023_0018_0052_0052.jpg 1 23 18 52 52
1800_0015_0020_0063_0063.jpg 1 15 20 63 63
1801_0038_0048_0025_0025.jpg 1 38 48 25 25
1802_0024_0013_0069_0069.jpg 1 24 13 69 69
1803_0034_0012_0055_0055.jpg 1 34 12 55 55
1804_0027_0037_0043_0043.jpg 1 27 37 43 43
1805_0015_0017_0063_0063.jpg 1 15 17 63 63
1806_0029_0017_0028_0028.jpg 1 29 17 28 28
1807_0030_0023_0065_0065.jpg 1 30 23 65 65
1808_0033_0014_0047_0047.jpg 1 33 14 47 47
1809_0027_0037_0057_0057.jpg 1 27 37 57 57
1810_0015_0021_0048_0048.jpg 1 15 21 48 48
1811_0019_0014_0060_0060.jpg 1 19 14 60 60
1812_0046_0027_0048_0048.jpg 1 46 27 48 48
1813_0016_0039_0056_0056.jpg 1 16 39 56 56
1814_0029_0041_0048_0048.jpg 1 29 41 48 48
1815_0011_0033_0043_0043.jpg 1 11 33 43 43
1816_0012_0021_0060_0060.jpg 1 12 21 60 60
1817_0035_0043_0044_0044.jpg 1 35 43 44 44
1818_0027_0049_0032_0032.jpg 1 27 49 32 32
1819_0052_0027_0028_0028.jpg 1 52 27 28 28
1820_0010_0033_0047_0047.jpg 1 10 33 47 47
1821_0034_0009_0057_0057.jpg 1 34 9 57 57
1822_0017_0005_0059_0059.jpg 1 17 5 59 59
1823_0016_0034_0058_0058.jpg 1 16 34 58 58
1824_0021_0028_0039_0039.jpg 1 21 28 39 39
1825_0037_0056_0031_0031.jpg 1 37 56 31 31
1826_0056_0053_0033_0033.jpg 1 56 53 33 33
1827_0028_0009_0055_0055.jpg 1 28 9 55 55
1828_0029_0028_0053_0053.jpg 1 29 28 53 53
1829_0014_0047_0032_0032.jpg 1 14 47 32 32
1830_0013_0019_0066_0066.jpg 1 13 19 66 66
1831_0012_0023_0062_0062.jpg 1 12 23 62 62
1832_0028_0045_0041_0041.jpg 1 28 45 41 41
1833_0011_0021_0054_0054.jpg 1 11 21 54 54
1834_0053_0015_0025_0025.jpg 1 53 15 25 25
1835_0030_0023_0059_0059.jpg 1 30 23 59 59
1836_0004_0028_0063_0063.jpg 1 4 28 63 63
1837_0031_0035_0057_0057.jpg 1 31 35 57 57
1838_0049_0018_0033_0033.jpg 1 49 18 33 33
1839_0032_0010_0063_0063.jpg 1 32 10 63 63
1840_0049_0022_0038_0038.jpg 1 49 22 38 38
1841_0018_0037_0040_0040.jpg 1 18 37 40 40
1842_0025_0036_0053_0053.jpg 1 25 36 53 53
1843_0042_0048_0043_0043.jpg 1 42 48 43 43
1844_0054_0011_0030_0030.jpg 1 54 11 30 30
1845_0046_0023_0042_0042.jpg 1 46 23 42 42
1846_0014_0048_0041_0041.jpg 1 14 48 41 41
1847_0033_0017_0049_0049.jpg 1 33 17 49 49
1848_0031_0015_0047_0047.jpg 1 31 15 47 47
1849_0031_0024_0059_0059.jpg 1 31 24 59 59
1850_0033_0037_0035_0035.jpg 1 33 37 35 35
1851_0035_0010_0057_0057.jpg 1 35 10 57 57
1852_0011_0009_0043_0043.jpg 1 11 9 43 43
1853_0004_0025_0067_0067.jpg 1 4 25 67 67
1854_0032_0007_0061_0061.jpg 1 32 7 61 61
1855_0026_0017_0067_0067.jpg 1 26 17 67 67
1856_0047_0013_0029_0029.jpg 1 47 13 29 29
1857_0037_0007_0043_0043.jpg 1 37 7 43 43
1858_0039_0034_0038_0038.jpg 1 39 34 38 38
1859_0015_0009_0025_0025.jpg 1 15 9 25 25
1860_0004_0019_0067_0067.jpg 1 4 19 67 67
1861_0025_0034_0046_0046.jpg 1 25 34 46 46
1862_0031_0008_0027_0027.jpg 1 31 8 27 27
1863_0013_0012_0033_0033.jpg 1 13 12 33 33
1864_0021_0039_0035_0035.jpg 1 21 39 35 35
1865_0009_0012_0060_0060.jpg 1 9 12 60 60
1866_0025_0024_0041_0041.jpg 1 25 24 41 41
1867_0032_0039_0037_0037.jpg 1 32 39 37 37
1868_0011_0040_0041_0041.jpg 1 11 40 41 41
1869_0022_0060_0029_0029.jpg 1 22 60 29 29
1870_0011_0005_0063_0063.jpg 1 11 5 63 63
1871_0028_0016_0050_0050.jpg 1 28 16 50 50
1872_0043_0033_0026_0026.jpg 1 43 33 26 26
1873_0048_0013_0045_0045.jpg 1 48 13 45 45
1874_0006_0031_0041_0041.jpg 1 6 31 41 41
1875_0007_0019_0058_0058.jpg 1 7 19 58 58
1876_0036_0009_0044_0044.jpg 1 36 9 44 44
1877_0025_0048_0042_0042.jpg 1 25 48 42 42
1878_0040_0021_0026_0026.jpg 1 40 21 26 26
1879_0033_0006_0038_0038.jpg 1 33 6 38 38
1880_0017_0045_0032_0032.jpg 1 17 45 32 32
1881_0025_0022_0033_0033.jpg 1 25 22 33 33
1882_0049_0009_0039_0039.jpg 1 49 9 39 39
1883_0048_0045_0024_0024.jpg 1 48 45 24 24
1884_0009_0017_0063_0063.jpg 1 9 17 63 63
1885_0022_0042_0031_0031.jpg 1 22 42 31 31
1886_0034_0012_0045_0045.jpg 1 34 12 45 45
1887_0017_0022_0059_0059.jpg 1 17 22 59 59
1888_0056_0042_0035_0035.jpg 1 56 42 35 35
1889_0022_0037_0033_0033.jpg 1 22 37 33 33
1890_0064_0017_0027_0027.jpg 1 64 17 27 27
1891_0013_0020_0064_0064.jpg 1 13 20 64 64
1892_0016_0004_0067_0067.jpg 1 16 4 67 67
1893_0045_0065_0025_0025.jpg 1 45 65 25 25
1894_0035_0030_0060_0060.jpg 1 35 30 60 60
1895_0023_0009_0069_0069.jpg 1 23 9 69 69
1896_0036_0032_0049_0049.jpg 1 36 32 49 49
1897_0045_0040_0037_0037.jpg 1 45 40 37 37
1898_0061_0007_0029_0029.jpg 1 61 7 29 29
1899_0028_0059_0026_0026.jpg 1 28 59 26 26
1900_0021_0025_0042_0042.jpg 1 21 25 42 42
1901_0009_0049_0041_0041.jpg 1 9 49 41 41
1902_0064_0049_0027_0027.jpg 1 64 49 27 27
1903_0037_0029_0024_0024.jpg 1 37 29 24 24
1904_0023_0052_0032_0032.jpg 1 23 52 32 32
1905_0041_0022_0041_0041.jpg 1 41 22 41 41
1906_0013_0019_0032_0032.jpg 1 13 19 32 32
1907_0020_0017_0028_0028.jpg 1 20 17 28 28
1908_0048_0029_0037_0037.jpg 1 48 29 37 37
1909_0023_0015_0063_0063.jpg 1 23 15 63 63
1910_0029_0021_0046_0046.jpg 1 29 21 46 46
1911_0055_0048_0035_0035.jpg 1 55 48 35 35
1912_0039_0035_0032_0032.jpg 1 39 35 32 32
1913_0030_0030_0027_0027.jpg 1 30 30 27 27
1914_0037_0028_0040_0040.jpg 1 37 28 40 40
1915_0012_0039_0026_0026.jpg 1 12 39 26 26
1916_0026_0047_0042_0042.jpg 1 26 47 42 42
1917_0010_0025_0067_0067.jpg 1 10 25 67 67
1918_0041_0042_0033_0033.jpg 1 41 42 33 33
1919_0007_0043_0035_0035.jpg 1 7 43 35 35
1920_0037_0047_0046_0046.jpg 1 37 47 46 46
1921_0032_0017_0061_0061.jpg 1 32 17 61 61
1922_0031_0028_0051_0051.jpg 1 31 28 51 51
1923_0020_0009_0062_0062.jpg 1 20 9 62 62
1924_0022_0010_0046_0046.jpg 1 22 10 46 46
1925_0020_0025_0042_0042.jpg 1 20 25 42 42
1926_0012_0005_0058_0058.jpg 1 12 5 58 58
1927_0034_0037_0026_0026.jpg 1 34 37 26 26
1928_0056_0030_0037_0037.jpg 1 56 30 37 37
1929_0027_0026_0054_0054.jpg 1 27 26 54 54
1930_0024_0024_0064_0064.jpg 1 24 24 64 64
1931_0025_0033_0024_0024.jpg 1 25 33 24 24
1932_0007_0028_0057_0057.jpg 1 7 28 57 57
1933_0022_0031_0062_0062.jpg 1 22 31 62 62
1934_0027_0032_0062_0062.jpg 1 27 32 62 62
1935_0028_0036_0038_0038.jpg 1 28 36 38 38
1936_0044_0035_0041_0041.jpg 1 44 35 41 41
1937_0032_0034_0028_0028.jpg 1 32 34 28 28
1938_0021_0023_0058_0058.jpg 1 21 23 58 58
1939_0032_0031_0027_0027.jpg 1 32 31 27 27
1940_0022_0021_0037_0037.jpg 1 22 21 37 37
1941_0012_0051_0038_0038.jpg 1 12 51 38 38
1942_0004_0007_0067_0067.jpg 1 4 7 67 67
1943_0021_0032_0062_0062.jpg 1 21 32 62 62
1944_0033_0047_0031_0031.jpg 1 33 47 31 31
1945_0036_0009_0057_0057.jpg 1 36 9 57 57
1946_0014_0007_0063_0063.jpg 1 14 7 63 63
1947_0034_0037_0057_0057.jpg 1 34 37 57 57
1948_0009_0014_0057_0057.jpg 1 9 14 57 57
1949_0029_0006_0067_0067.jpg 1 29 6 67 67
1950_0016_0018_0051_0051.jpg 1 16 18 51 51
